[12Nov.2023 05:14:01.174] [User Authenticator #7/INFO] [net.minecraft.server.network.ServerLoginPacketListenerImpl/]: UUID of player WolfOfTheGaming is 21ad7002-f1a4-4765-8b87-6444cc9eca69
[12Nov.2023 05:14:02.938] [Server thread/INFO] [net.minecraftforge.common.AdvancementLoadFix/]: Using new advancement loading for net.minecraft.server.PlayerAdvancements@3c6cb490
[12Nov.2023 05:14:02.951] [Server thread/INFO] [net.minecraft.server.players.PlayerList/]: WolfOfTheGaming[/213.220.148.143:56367] logged in with entity id 26730 at (-161.358023096728, 72.0, 2232.487500011921)
[12Nov.2023 05:14:02.963] [Server thread/INFO] [net.minecraft.server.MinecraftServer/]: [BW] WolfOfTheGaming joined the game
[12Nov.2023 05:24:52.249] [Server thread/INFO] [net.minecraftforge.common.AdvancementLoadFix/]: Using new advancement loading for net.minecraft.server.PlayerAdvancements@7547baf0
[12Nov.2023 05:27:45.035] [Server thread/INFO] [net.minecraft.server.MinecraftServer/]: [BW] WolfOfTheGaming has made the advancement [A Seedy Place]
[12Nov.2023 05:36:45.172] [Server thread/WARN] [net.minecraft.server.MinecraftServer/]: Can't keep up! Is the server overloaded? Running 2660ms or 53 ticks behind
[12Nov.2023 05:38:53.319] [Server thread/INFO] [net.minecraft.server.network.ServerGamePacketListenerImpl/]: WolfOfTheGaming lost connection: Disconnected
[12Nov.2023 05:38:53.320] [Server thread/INFO] [net.minecraft.server.MinecraftServer/]: [BW] WolfOfTheGaming left the game
[12Nov.2023 08:34:45.000] [User Authenticator #8/INFO] [net.minecraft.server.network.ServerLoginPacketListenerImpl/]: UUID of player BernhardBMX is b5b3d888-4807-436f-b529-3aa62274a8ac
[12Nov.2023 08:34:46.618] [Server thread/INFO] [net.minecraft.server.players.PlayerList/]: BernhardBMX[/212.86.42.128:52119] logged in with entity id 37438 at (-152.30000001192093, 65.76263927524951, 2239.6804874139257)
[12Nov.2023 08:34:46.651] [Server thread/INFO] [net.minecraft.server.MinecraftServer/]: [BW] BernhardBMX joined the game
[12Nov.2023 08:37:12.239] [Server thread/WARN] [net.minecraft.server.network.ServerGamePacketListenerImpl/]: BernhardBMX moved too quickly! 1291.055405313055,52.39260454995134,-2328.0711747134924
[12Nov.2023 08:37:13.804] [Server thread/WARN] [net.minecraft.server.MinecraftServer/]: Can't keep up! Is the server overloaded? Running 2241ms or 44 ticks behind
[12Nov.2023 08:45:21.220] [Server thread/INFO] [net.minecraft.server.network.ServerGamePacketListenerImpl/]: BernhardBMX lost connection: Disconnected
[12Nov.2023 08:45:21.220] [Server thread/INFO] [net.minecraft.server.MinecraftServer/]: [BW] BernhardBMX left the game
[12Nov.2023 08:48:45.198] [User Authenticator #9/INFO] [net.minecraft.server.network.ServerLoginPacketListenerImpl/]: UUID of player WolfOfTheGaming is 21ad7002-f1a4-4765-8b87-6444cc9eca69
[12Nov.2023 08:48:46.978] [Server thread/INFO] [net.minecraftforge.common.AdvancementLoadFix/]: Using new advancement loading for net.minecraft.server.PlayerAdvancements@220da749
[12Nov.2023 08:48:46.985] [Server thread/INFO] [net.minecraft.server.players.PlayerList/]: WolfOfTheGaming[/213.220.148.143:61210] logged in with entity id 40781 at (-142.5, 80.0, 2230.5)
[12Nov.2023 08:48:46.997] [Server thread/INFO] [net.minecraft.server.MinecraftServer/]: [BW] WolfOfTheGaming joined the game
[12Nov.2023 08:54:52.869] [Server thread/INFO] [com.simibubi.create.Create/]: New Schematic Uploaded: WolfOfTheGaming/sculk_farm.nbt
[12Nov.2023 08:56:45.449] [Server thread/WARN] [net.minecraft.server.MinecraftServer/]: Can't keep up! Is the server overloaded? Running 2037ms or 40 ticks behind
[12Nov.2023 09:12:27.388] [Server thread/INFO] [net.minecraft.server.MinecraftServer/]: Enabled friendly fire for team [BW]
[12Nov.2023 09:15:28.778] [User Authenticator #10/INFO] [net.minecraft.server.network.ServerLoginPacketListenerImpl/]: UUID of player BernhardBMX is b5b3d888-4807-436f-b529-3aa62274a8ac
[12Nov.2023 09:15:30.587] [Server thread/INFO] [net.minecraftforge.common.AdvancementLoadFix/]: Using new advancement loading for net.minecraft.server.PlayerAdvancements@11a52793
[12Nov.2023 09:15:30.595] [Server thread/INFO] [net.minecraft.server.players.PlayerList/]: BernhardBMX[/212.86.42.128:53344] logged in with entity id 46522 at (-3205.9243376180293, 59.0, 1718.2899493224977)
[12Nov.2023 09:15:30.607] [Server thread/INFO] [net.minecraft.server.MinecraftServer/]: [BW] BernhardBMX joined the game
[12Nov.2023 09:15:34.102] [Server thread/WARN] [net.minecraft.server.MinecraftServer/]: Can't keep up! Is the server overloaded? Running 3439ms or 68 ticks behind
[12Nov.2023 09:17:02.076] [Server thread/INFO] [net.minecraft.server.MinecraftServer/]: [BW] BernhardBMX was slain by [BW] WolfOfTheGaming using [Wolf Sword]
[12Nov.2023 09:26:52.639] [User Authenticator #11/INFO] [net.minecraft.server.network.ServerLoginPacketListenerImpl/]: UUID of player Specky04 is 75ac8204-267f-44b8-afaf-220f314d3692
[12Nov.2023 09:26:54.786] [Server thread/INFO] [net.minecraftforge.common.AdvancementLoadFix/]: Using new advancement loading for net.minecraft.server.PlayerAdvancements@3844866c
[12Nov.2023 09:26:54.792] [Server thread/INFO] [net.minecraft.server.players.PlayerList/]: Specky04[/93.201.94.164:65267] logged in with entity id 54599 at (-135.44875446581045, 128.0, 706.3947231945058)
[12Nov.2023 09:26:54.822] [Server thread/INFO] [net.minecraft.server.MinecraftServer/]: Specky04 joined the game
[12Nov.2023 09:26:59.444] [Server thread/INFO] [net.minecraft.server.MinecraftServer/]: <[BW] WolfOfTheGaming> hi
[12Nov.2023 09:27:02.806] [Server thread/INFO] [net.minecraft.server.MinecraftServer/]: <Specky04> hi
[12Nov.2023 09:27:05.238] [Server thread/INFO] [net.minecraft.server.MinecraftServer/]: <[BW] BernhardBMX> Hi
[12Nov.2023 09:27:12.638] [Server thread/INFO] [net.minecraft.server.MinecraftServer/]: Disabled friendly fire for team [BW]
[12Nov.2023 09:27:19.387] [Server thread/INFO] [net.minecraft.server.MinecraftServer/]: Collision rule for team [BW] is now "Always"
[12Nov.2023 09:29:54.738] [Server thread/INFO] [net.minecraft.server.MinecraftServer/]: Created new objective [level]
[12Nov.2023 09:30:24.093] [Server thread/INFO] [net.minecraft.server.MinecraftServer/]: Created new objective [play_time]
[12Nov.2023 09:30:47.297] [Server thread/INFO] [net.minecraft.server.MinecraftServer/]: <[BW] WolfOfTheGaming> -5254 -7748
[12Nov.2023 09:30:50.838] [Server thread/INFO] [net.minecraft.server.MinecraftServer/]: Nothing changed. That display slot is already empty
[12Nov.2023 09:30:57.035] [Server thread/INFO] [net.minecraft.server.MinecraftServer/]: Set display slot sidebar.team.blue to show objective play_time
[12Nov.2023 09:31:14.790] [Server thread/INFO] [net.minecraft.server.MinecraftServer/]: Set display slot sidebar.team.white to show objective play_time
[12Nov.2023 09:32:01.946] [Server thread/INFO] [net.minecraft.server.MinecraftServer/]: Set display slot sidebar.team.white to show objective level
[12Nov.2023 09:32:09.833] [Server thread/INFO] [net.minecraft.server.MinecraftServer/]: Nothing changed. That display slot is already showing that objective
[12Nov.2023 09:32:41.883] [Server thread/INFO] [net.minecraft.server.MinecraftServer/]: Set display slot sidebar.team.white to show objective ❤
[12Nov.2023 09:32:45.537] [Server thread/INFO] [net.minecraft.server.MinecraftServer/]: <Specky04> 1053 5649
[12Nov.2023 09:33:14.058] [Server thread/INFO] [net.minecraft.server.MinecraftServer/]: <[BW] WolfOfTheGaming> ben die koordinaten für das casino -5254 -7748
[12Nov.2023 09:33:17.333] [Server thread/INFO] [net.minecraft.server.MinecraftServer/]: Set display slot sidebar to show objective ❤
[12Nov.2023 09:35:43.835] [Server thread/INFO] [net.minecraft.server.MinecraftServer/]: <[BW] BernhardBMX> Specky04 wie findest du die sidebar
[12Nov.2023 09:35:55.060] [Server thread/INFO] [net.minecraft.server.MinecraftServer/]: <Specky04> ja ist nice
[12Nov.2023 09:36:12.538] [Server thread/INFO] [net.minecraft.server.MinecraftServer/]: Set display slot sidebar to show objective deathCount
[12Nov.2023 09:39:01.007] [Server thread/WARN] [net.minecraft.server.network.ServerGamePacketListenerImpl/]: BernhardBMX moved wrongly!
[12Nov.2023 09:43:48.426] [Server thread/INFO] [net.minecraft.server.MinecraftServer/]: Nothing changed. That display slot is already showing that objective
[12Nov.2023 09:44:01.216] [Server thread/INFO] [net.minecraft.server.MinecraftServer/]: Set display slot sidebar.team.white to show objective deathCount
[12Nov.2023 09:44:58.346] [Server thread/INFO] [net.minecraft.server.MinecraftServer/]: Unknown or incomplete command, see below for error
[12Nov.2023 09:44:58.364] [Server thread/INFO] [net.minecraft.server.MinecraftServer/]: ...eGaming 36<--[HERE]
[12Nov.2023 09:45:32.724] [Server thread/INFO] [net.minecraft.server.MinecraftServer/]: Set [deathCount] for WolfOfTheGaming to 36
[12Nov.2023 09:45:59.530] [Server thread/INFO] [net.minecraft.server.MinecraftServer/]: Reset all scores for WolfPlayerGaming
[12Nov.2023 09:48:52.777] [Server thread/INFO] [net.minecraft.server.MinecraftServer/]: Specky04 was shot by Skeleton
[12Nov.2023 09:48:57.231] [Server thread/WARN] [net.minecraft.server.MinecraftServer/]: Can't keep up! Is the server overloaded? Running 3269ms or 65 ticks behind
[12Nov.2023 09:48:57.298] [Server thread/WARN] [net.minecraft.server.network.ServerGamePacketListenerImpl/]: WolfOfTheGaming moved too quickly! 11.962671850648448,13.549478219852745,-0.08831117962517965
[12Nov.2023 09:53:39.830] [Server thread/INFO] [net.minecraft.server.MinecraftServer/]: Specky04 has made the advancement [Let's Get To Work]
[12Nov.2023 09:53:58.662] [Server thread/INFO] [net.minecraft.server.network.ServerGamePacketListenerImpl/]: Specky04 lost connection: Disconnected
[12Nov.2023 09:53:58.663] [Server thread/INFO] [net.minecraft.server.MinecraftServer/]: Specky04 left the game
[12Nov.2023 09:54:32.795] [Server thread/INFO] [net.minecraft.server.MinecraftServer/]: <[BW] WolfOfTheGaming> ben die koordinaten für das casino -5254 -7748
[12Nov.2023 09:57:03.021] [Server thread/INFO] [net.minecraft.server.MinecraftServer/]: Cleared any objectives in display slot sidebar
[12Nov.2023 09:57:12.444] [Server thread/INFO] [net.minecraft.server.MinecraftServer/]: Cleared any objectives in display slot sidebar.team.white
[12Nov.2023 09:58:44.777] [Server thread/WARN] [net.minecraft.server.network.ServerGamePacketListenerImpl/]: WolfOfTheGaming moved too quickly! -4.069815070068614,-1.7880835410470013,-18.186176615872228
[12Nov.2023 09:58:44.874] [Server thread/WARN] [net.minecraft.server.MinecraftServer/]: Can't keep up! Is the server overloaded? Running 2512ms or 50 ticks behind
[12Nov.2023 09:58:50.746] [Server thread/WARN] [net.minecraft.server.network.ServerGamePacketListenerImpl/]: BernhardBMX moved too quickly! 0.8546973158122739,6.029888643891127,-16.52716222652589
[12Nov.2023 09:58:50.747] [Server thread/WARN] [net.minecraft.server.network.ServerGamePacketListenerImpl/]: WolfOfTheGaming moved too quickly! -0.003369350609261801,-1.679615531183913,-18.007585195069623
[12Nov.2023 09:58:54.154] [Server thread/WARN] [net.minecraft.server.network.ServerGamePacketListenerImpl/]: BernhardBMX moved too quickly! 0.8019994792467458,8.231004066234703,-15.363184306745097
[12Nov.2023 09:58:54.154] [Server thread/WARN] [net.minecraft.server.network.ServerGamePacketListenerImpl/]: WolfOfTheGaming moved too quickly! -0.003396385209782693,-1.9326287682910959,-17.93577771441096
[12Nov.2023 09:59:02.212] [Server thread/WARN] [net.minecraft.server.network.ServerGamePacketListenerImpl/]: WolfOfTheGaming moved too quickly! 1.4090813128215416,-2.8196193412423582,-17.983057915020254
[12Nov.2023 09:59:03.419] [Server thread/WARN] [net.minecraft.server.MinecraftServer/]: Can't keep up! Is the server overloaded? Running 2407ms or 48 ticks behind
[12Nov.2023 09:59:12.442] [Server thread/WARN] [net.minecraft.server.network.ServerGamePacketListenerImpl/]: WolfOfTheGaming moved too quickly! 0.8991744228131893,-1.9244926848807324,-17.829286054027307
[12Nov.2023 09:59:22.795] [Server thread/WARN] [net.minecraft.server.MinecraftServer/]: Can't keep up! Is the server overloaded? Running 4383ms or 87 ticks behind
[12Nov.2023 09:59:46.351] [Server thread/WARN] [net.minecraft.server.network.ServerGamePacketListenerImpl/]: WolfOfTheGaming moved too quickly! -1.5150873091925519,-2.360794532345338,-17.857621910206944
[12Nov.2023 09:59:46.352] [Server thread/WARN] [net.minecraft.server.network.ServerGamePacketListenerImpl/]: BernhardBMX moved too quickly! -1.0795671149327575,14.233692168370737,-10.431621945334427
[12Nov.2023 09:59:47.504] [Server thread/WARN] [net.minecraft.server.network.ServerGamePacketListenerImpl/]: BernhardBMX moved too quickly! -0.8708650677722574,7.081562069392476,-16.75271485777057
[12Nov.2023 09:59:47.514] [Server thread/WARN] [net.minecraft.server.MinecraftServer/]: Can't keep up! Is the server overloaded? Running 2302ms or 46 ticks behind
[12Nov.2023 09:59:53.319] [Server thread/WARN] [net.minecraft.server.network.ServerGamePacketListenerImpl/]: WolfOfTheGaming moved wrongly!
[12Nov.2023 09:59:53.351] [Server thread/WARN] [net.minecraft.server.network.ServerGamePacketListenerImpl/]: BernhardBMX moved too quickly! -0.27098506861923966,10.061472116756192,-14.41910183595337
[12Nov.2023 10:00:11.412] [Server thread/WARN] [net.minecraft.server.network.ServerGamePacketListenerImpl/]: BernhardBMX moved too quickly! -13.995445739188995,-4.782677680798827,-12.39789861267036
[12Nov.2023 10:00:13.340] [Server thread/WARN] [net.minecraft.server.network.ServerGamePacketListenerImpl/]: WolfOfTheGaming moved too quickly! -12.613930369190427,9.537041866506101,-7.998764129680239
[12Nov.2023 10:00:13.346] [Server thread/WARN] [net.minecraft.server.network.ServerGamePacketListenerImpl/]: BernhardBMX moved too quickly! 5.7158539629098755,-17.05537222364211,0.7706904670531003
[12Nov.2023 10:00:35.547] [Server thread/WARN] [net.minecraft.server.network.ServerGamePacketListenerImpl/]: BernhardBMX moved too quickly! 0.308527296570162,-1.9989080432712711,-18.574541548161505
[12Nov.2023 10:00:36.401] [Server thread/WARN] [net.minecraft.server.MinecraftServer/]: Can't keep up! Is the server overloaded? Running 2139ms or 42 ticks behind
[12Nov.2023 10:00:38.964] [Server thread/WARN] [net.minecraft.server.network.ServerGamePacketListenerImpl/]: BernhardBMX moved too quickly! -0.10375384948554256,2.9398649191225985,-17.92280626948468
[12Nov.2023 10:00:44.002] [Server thread/WARN] [net.minecraft.server.network.ServerGamePacketListenerImpl/]: BernhardBMX moved too quickly! -12.900378391362267,-5.462086948557271,-12.12919284306372
[12Nov.2023 10:00:44.002] [Server thread/WARN] [net.minecraft.server.network.ServerGamePacketListenerImpl/]: WolfOfTheGaming moved too quickly! -0.4418638711898666,-1.8537209376496406,-17.87521182150431
[12Nov.2023 10:00:56.474] [Server thread/INFO] [net.minecraft.server.MinecraftServer/]: <[BW] WolfOfTheGaming> ben die koordinaten für das casino -5254 -7748
[12Nov.2023 10:00:56.476] [Server thread/WARN] [net.minecraft.server.network.ServerGamePacketListenerImpl/]: WolfOfTheGaming moved too quickly! 1.0189354103452501,-1.7544768579393661,-17.315685706719705
[12Nov.2023 10:00:56.480] [Server thread/INFO] [net.minecraft.server.MinecraftServer/]: <[BW] WolfOfTheGaming> ben die koordinaten für das casino -5254 -7748
[12Nov.2023 10:00:57.571] [Server thread/WARN] [net.minecraft.server.network.ServerGamePacketListenerImpl/]: BernhardBMX moved too quickly! -1.3542809935960918,1.1690641465945504,-18.286362900820677
[12Nov.2023 10:00:57.592] [Server thread/INFO] [net.minecraft.server.MinecraftServer/]: <[BW] WolfOfTheGaming> ben die koordinaten für das casino -5254 -7748
[12Nov.2023 10:00:57.594] [Server thread/WARN] [net.minecraft.server.MinecraftServer/]: Can't keep up! Is the server overloaded? Running 2782ms or 55 ticks behind
[12Nov.2023 10:00:57.759] [Server thread/INFO] [net.minecraft.server.MinecraftServer/]: <[BW] WolfOfTheGaming> ben die koordinaten für das casino -5254 -7748
[12Nov.2023 10:00:58.306] [Server thread/INFO] [net.minecraft.server.MinecraftServer/]: <[BW] WolfOfTheGaming> ben die koordinaten für das casino -5254 -7748
[12Nov.2023 10:01:00.826] [Server thread/WARN] [net.minecraft.server.network.ServerGamePacketListenerImpl/]: BernhardBMX moved too quickly! -2.2865114508695683,-1.736244889055797,-17.945939536637525
[12Nov.2023 10:01:00.827] [Server thread/WARN] [net.minecraft.server.network.ServerGamePacketListenerImpl/]: WolfOfTheGaming moved too quickly! 0.8473159588139083,-3.6938339427589284,-17.61047358378255
[12Nov.2023 10:01:20.800] [Server thread/WARN] [net.minecraft.server.network.ServerGamePacketListenerImpl/]: WolfOfTheGaming moved too quickly! -0.02394447588295634,1.926722970584592,-17.48663655060136
[12Nov.2023 10:01:26.491] [Server thread/WARN] [net.minecraft.server.network.ServerGamePacketListenerImpl/]: BernhardBMX moved too quickly! -7.711046912318125,-2.7810798410353073,-15.935355986543073
[12Nov.2023 10:01:27.506] [Server thread/WARN] [net.minecraft.server.MinecraftServer/]: Can't keep up! Is the server overloaded? Running 2193ms or 43 ticks behind
[12Nov.2023 10:01:27.518] [Server thread/WARN] [net.minecraft.server.network.ServerGamePacketListenerImpl/]: WolfOfTheGaming moved too quickly! -11.37404553109343,-1.7841798017712165,-14.696107172266238
[12Nov.2023 10:01:29.943] [Server thread/WARN] [net.minecraft.server.network.ServerGamePacketListenerImpl/]: BernhardBMX moved too quickly! -2.1097122380517703,-18.138652286579415,-3.6490861418606073
[12Nov.2023 10:01:32.915] [Server thread/WARN] [net.minecraft.server.network.ServerGamePacketListenerImpl/]: BernhardBMX moved too quickly! -11.508355208648027,6.707014279405584,-11.83351252713328
[12Nov.2023 10:01:32.918] [Server thread/WARN] [net.minecraft.server.network.ServerGamePacketListenerImpl/]: WolfOfTheGaming moved too quickly! -11.074765335376753,-1.839821608022504,-13.924930141623918
[12Nov.2023 10:01:36.620] [Server thread/WARN] [net.minecraft.server.network.ServerGamePacketListenerImpl/]: BernhardBMX moved too quickly! -12.32783403269616,-0.8428934139332114,-12.844364147897068
[12Nov.2023 10:01:36.620] [Server thread/WARN] [net.minecraft.server.network.ServerGamePacketListenerImpl/]: WolfOfTheGaming moved too quickly! -11.00018150938206,-1.9669032493990386,-13.83132801391821
[12Nov.2023 10:01:39.543] [Server thread/WARN] [net.minecraft.server.network.ServerGamePacketListenerImpl/]: WolfOfTheGaming moved too quickly! -11.376548002715197,-1.3349077569518641,-14.30429823967279
[12Nov.2023 10:01:39.543] [Server thread/WARN] [net.minecraft.server.network.ServerGamePacketListenerImpl/]: BernhardBMX moved too quickly! -12.302990552257995,-0.7777059573386964,-12.81847973798358
[12Nov.2023 10:01:43.372] [Server thread/WARN] [net.minecraft.server.network.ServerGamePacketListenerImpl/]: BernhardBMX moved too quickly! -12.610258556824874,-0.9805063568818184,-13.138622119132378
[12Nov.2023 10:01:43.372] [Server thread/WARN] [net.minecraft.server.network.ServerGamePacketListenerImpl/]: WolfOfTheGaming moved too quickly! -11.392149150839941,-1.4663610699060854,-13.793429430771539
[12Nov.2023 10:01:50.004] [Server thread/WARN] [net.minecraft.server.network.ServerGamePacketListenerImpl/]: BernhardBMX moved too quickly! -9.530266200816868,7.601201236999827,-12.664833757468841
[12Nov.2023 10:02:07.406] [Server thread/WARN] [net.minecraft.server.network.ServerGamePacketListenerImpl/]: BernhardBMX moved too quickly! -15.002030137573115,-1.0243255640926918,-11.185390212860511
[12Nov.2023 10:02:12.879] [Server thread/WARN] [net.minecraft.server.network.ServerGamePacketListenerImpl/]: BernhardBMX moved too quickly! -10.433952276085051,-4.637263769425971,-15.340116121882602
[12Nov.2023 10:02:17.220] [Server thread/WARN] [net.minecraft.server.network.ServerGamePacketListenerImpl/]: BernhardBMX moved too quickly! -5.498804697876835,-3.6789608418253295,-16.897090626744102
[12Nov.2023 10:02:23.784] [Server thread/WARN] [net.minecraft.server.network.ServerGamePacketListenerImpl/]: BernhardBMX moved too quickly! -2.1575435959737206,-3.719599910923229,-17.8654315313388
[12Nov.2023 10:02:23.786] [Server thread/WARN] [net.minecraft.server.network.ServerGamePacketListenerImpl/]: WolfOfTheGaming moved too quickly! -7.0515526877309185,1.999616422863653,-16.454383490399778
[12Nov.2023 10:02:25.102] [Server thread/WARN] [net.minecraft.server.network.ServerGamePacketListenerImpl/]: BernhardBMX moved wrongly!
[12Nov.2023 10:02:30.553] [Server thread/WARN] [net.minecraft.server.MinecraftServer/]: Can't keep up! Is the server overloaded? Running 2391ms or 47 ticks behind
[12Nov.2023 10:02:34.394] [Server thread/WARN] [net.minecraft.server.network.ServerGamePacketListenerImpl/]: BernhardBMX moved too quickly! -5.644554324791102,8.025572664007711,-5.813843431868918
[12Nov.2023 10:02:36.818] [Server thread/WARN] [net.minecraft.server.network.ServerGamePacketListenerImpl/]: BernhardBMX moved too quickly! -0.8901263443275411,12.304524513194224,-13.20938220761309
[12Nov.2023 10:02:39.406] [Server thread/WARN] [net.minecraft.server.network.ServerGamePacketListenerImpl/]: BernhardBMX moved too quickly! -5.358345783286268,2.4434675571191065,-17.12634002136201
[12Nov.2023 10:02:43.125] [Server thread/WARN] [net.minecraft.server.network.ServerGamePacketListenerImpl/]: BernhardBMX moved too quickly! 2.746943286075407,-4.649325047150825,-16.969882188594056
[12Nov.2023 10:02:44.731] [Server thread/WARN] [net.minecraft.server.network.ServerGamePacketListenerImpl/]: WolfOfTheGaming moved too quickly! -1.6107569563939705,1.1160597751143086,-17.711112924437657
[12Nov.2023 10:02:45.722] [Server thread/WARN] [net.minecraft.server.network.ServerGamePacketListenerImpl/]: BernhardBMX moved too quickly! 10.559663088438583,-10.398760407704515,-9.979575265844687
[12Nov.2023 10:02:49.392] [Server thread/WARN] [net.minecraft.server.network.ServerGamePacketListenerImpl/]: WolfOfTheGaming moved too quickly! -1.65974306474709,2.2204911643705714,-18.2497766258266
[12Nov.2023 10:02:59.652] [Server thread/WARN] [net.minecraft.server.network.ServerGamePacketListenerImpl/]: BernhardBMX moved too quickly! 2.4252106656974775,3.9102957393903637,-17.143169510053667
[12Nov.2023 10:03:03.522] [Server thread/WARN] [net.minecraft.server.network.ServerGamePacketListenerImpl/]: WolfOfTheGaming moved too quickly! -1.6388882419169022,2.1515386950845254,-18.0204309674873
[12Nov.2023 10:03:03.541] [Server thread/WARN] [net.minecraft.server.network.ServerGamePacketListenerImpl/]: BernhardBMX moved too quickly! -1.053195859409584,8.78040028752197,-16.0172753715824
[12Nov.2023 10:03:03.655] [Server thread/WARN] [net.minecraft.server.MinecraftServer/]: Can't keep up! Is the server overloaded? Running 18142ms or 362 ticks behind
[12Nov.2023 10:03:20.380] [Server thread/WARN] [net.minecraft.server.network.ServerGamePacketListenerImpl/]: WolfOfTheGaming moved too quickly! -1.572612762921949,-0.265054946870265,-18.344102298097823
[12Nov.2023 10:03:20.388] [Server thread/WARN] [net.minecraft.server.network.ServerGamePacketListenerImpl/]: BernhardBMX moved too quickly! -5.9670563046234975,2.9893189347971543,-17.70838750472194
[12Nov.2023 10:03:21.179] [Server thread/WARN] [net.minecraft.server.MinecraftServer/]: Can't keep up! Is the server overloaded? Running 2567ms or 51 ticks behind
[12Nov.2023 10:03:23.614] [Server thread/WARN] [net.minecraft.server.network.ServerGamePacketListenerImpl/]: BernhardBMX moved too quickly! -4.51857244550331,10.327926616837573,-13.409766830609442
[12Nov.2023 10:03:25.615] [Server thread/WARN] [net.minecraft.server.network.ServerGamePacketListenerImpl/]: BernhardBMX moved too quickly! -5.146020618076591,6.484656073171436,-15.271855298679839
[12Nov.2023 10:03:32.867] [Server thread/WARN] [net.minecraft.server.network.ServerGamePacketListenerImpl/]: BernhardBMX moved too quickly! -3.442713781460725,6.522690818961735,-17.036116558266258
[12Nov.2023 10:03:34.764] [Server thread/WARN] [net.minecraft.server.network.ServerGamePacketListenerImpl/]: BernhardBMX moved too quickly! -3.426450837043717,5.911261871068604,-17.08550938062399
[12Nov.2023 10:03:36.092] [Server thread/WARN] [net.minecraft.server.network.ServerGamePacketListenerImpl/]: BernhardBMX moved too quickly! -3.3249990004109122,6.476998992431078,-16.461586854380585
[12Nov.2023 10:03:38.182] [Server thread/WARN] [net.minecraft.server.MinecraftServer/]: Can't keep up! Is the server overloaded? Running 2019ms or 40 ticks behind
[12Nov.2023 10:03:39.063] [Server thread/WARN] [net.minecraft.server.network.ServerGamePacketListenerImpl/]: BernhardBMX moved too quickly! -2.7564082240913876,10.39331873767631,-13.645322152460722
[12Nov.2023 10:03:48.781] [Server thread/WARN] [net.minecraft.server.network.ServerGamePacketListenerImpl/]: BernhardBMX moved too quickly! 0.9321072261997188,12.3440152697666,-12.139504162537378
[12Nov.2023 10:03:50.267] [Server thread/WARN] [net.minecraft.server.network.ServerGamePacketListenerImpl/]: BernhardBMX moved too quickly! 0.28237056848172415,16.687149624215067,-7.634225823305314
[12Nov.2023 10:03:51.765] [Server thread/WARN] [net.minecraft.server.network.ServerGamePacketListenerImpl/]: BernhardBMX moved too quickly! 0.9680693669971561,14.73246794904037,-10.7411127757332
[12Nov.2023 10:03:52.826] [Server thread/WARN] [net.minecraft.server.network.ServerGamePacketListenerImpl/]: WolfOfTheGaming moved too quickly! 0.05153239818150723,3.0799677055585732,-17.432782495059655
[12Nov.2023 10:03:59.438] [Server thread/WARN] [net.minecraft.server.network.ServerGamePacketListenerImpl/]: WolfOfTheGaming moved too quickly! 0.06220499069422658,4.978966271586302,-17.07417719631576
[12Nov.2023 10:03:59.440] [Server thread/WARN] [net.minecraft.server.network.ServerGamePacketListenerImpl/]: BernhardBMX moved too quickly! 1.961243615378521,-2.5786053629998946,-17.37675452907024
[12Nov.2023 10:03:59.506] [Server thread/WARN] [net.minecraft.server.MinecraftServer/]: Can't keep up! Is the server overloaded? Running 2544ms or 50 ticks behind
[12Nov.2023 10:04:04.801] [Server thread/WARN] [net.minecraft.server.network.ServerGamePacketListenerImpl/]: BernhardBMX moved too quickly! 1.669364991912289,14.311764516452968,-11.543542311394958
[12Nov.2023 10:04:12.078] [Server thread/WARN] [net.minecraft.server.network.ServerGamePacketListenerImpl/]: WolfOfTheGaming moved too quickly! -16.116340946262653,0.6214971599036403,-7.284053924508044
[12Nov.2023 10:04:17.634] [Server thread/WARN] [net.minecraft.server.network.ServerGamePacketListenerImpl/]: BernhardBMX moved too quickly! 2.0558941135893747,11.627265876457045,-14.216363062334494
[12Nov.2023 10:04:19.499] [Server thread/WARN] [net.minecraft.server.MinecraftServer/]: Can't keep up! Is the server overloaded? Running 2937ms or 58 ticks behind
[12Nov.2023 10:04:19.554] [Server thread/WARN] [net.minecraft.server.network.ServerGamePacketListenerImpl/]: BernhardBMX moved too quickly! 2.0536493934785085,11.60203963627589,-14.200901585460997
[12Nov.2023 10:04:22.036] [Server thread/WARN] [net.minecraft.server.network.ServerGamePacketListenerImpl/]: BernhardBMX moved too quickly! -1.1610974511030463,11.68184715618338,-14.261768511214541
[12Nov.2023 10:04:24.456] [Server thread/WARN] [net.minecraft.server.network.ServerGamePacketListenerImpl/]: BernhardBMX moved too quickly! -1.9756215637008836,11.251014499969358,-14.400879569728204
[12Nov.2023 10:04:27.051] [Server thread/WARN] [net.minecraft.server.network.ServerGamePacketListenerImpl/]: BernhardBMX moved too quickly! -1.9627459369932012,11.546788400626212,-14.287115831255505
[12Nov.2023 10:04:29.792] [Server thread/WARN] [net.minecraft.server.network.ServerGamePacketListenerImpl/]: BernhardBMX moved too quickly! -1.685722534022375,12.824589703955098,-12.270860892531346
[12Nov.2023 10:04:42.807] [Server thread/WARN] [net.minecraft.server.MinecraftServer/]: Can't keep up! Is the server overloaded? Running 8345ms or 166 ticks behind
[12Nov.2023 10:04:47.757] [Server thread/WARN] [net.minecraft.server.network.ServerGamePacketListenerImpl/]: BernhardBMX moved too quickly! -7.62205394685725,13.143453033747619,-10.540930487234618
[12Nov.2023 10:04:47.758] [Server thread/WARN] [net.minecraft.server.network.ServerGamePacketListenerImpl/]: WolfOfTheGaming moved too quickly! -17.72011634879732,-4.140699545315158,1.5743872523826212
[12Nov.2023 10:04:51.215] [Server thread/WARN] [net.minecraft.server.network.ServerGamePacketListenerImpl/]: BernhardBMX moved too quickly! -5.992874096923856,14.884023494268149,-8.287853866533624
[12Nov.2023 10:04:51.215] [Server thread/WARN] [net.minecraft.server.network.ServerGamePacketListenerImpl/]: WolfOfTheGaming moved too quickly! -18.008019363351195,-1.9592226780441706,0.3583232989003591
[12Nov.2023 10:04:53.129] [Server thread/WARN] [net.minecraft.server.network.ServerGamePacketListenerImpl/]: WolfOfTheGaming moved too quickly! -17.884943172483645,-2.010363983346508,0.3586546104879744
[12Nov.2023 10:04:54.122] [Server thread/WARN] [net.minecraft.server.network.ServerGamePacketListenerImpl/]: BernhardBMX moved too quickly! -7.944153634451368,10.826349351052727,-10.986528982798518
[12Nov.2023 10:05:05.189] [Server thread/WARN] [net.minecraft.server.network.ServerGamePacketListenerImpl/]: BernhardBMX moved too quickly! -7.721950503223297,12.96477510300167,-10.679082573779851
[12Nov.2023 10:05:09.830] [Server thread/WARN] [net.minecraft.server.network.ServerGamePacketListenerImpl/]: WolfOfTheGaming moved too quickly! -17.878527863547333,-1.8298896122536803,-0.8447093089944246
[12Nov.2023 10:05:09.834] [Server thread/WARN] [net.minecraft.server.network.ServerGamePacketListenerImpl/]: BernhardBMX moved too quickly! -8.991400267988183,11.009896586155946,-12.456831588741807
[12Nov.2023 10:05:09.964] [Server thread/WARN] [net.minecraft.server.MinecraftServer/]: Can't keep up! Is the server overloaded? Running 12202ms or 244 ticks behind
[12Nov.2023 10:05:12.655] [Server thread/WARN] [net.minecraft.server.network.ServerGamePacketListenerImpl/]: BernhardBMX moved too quickly! -8.720443466547295,12.20381976179874,-10.317201434778326
[12Nov.2023 10:05:12.656] [Server thread/WARN] [net.minecraft.server.network.ServerGamePacketListenerImpl/]: WolfOfTheGaming moved too quickly! -18.18139413982135,-0.8594505869639306,-0.2638989781116834
[12Nov.2023 10:05:15.979] [Server thread/WARN] [net.minecraft.server.network.ServerGamePacketListenerImpl/]: BernhardBMX moved too quickly! -5.158042375946479,-12.762982196001303,-11.302390881328392
[12Nov.2023 10:05:17.157] [Server thread/WARN] [net.minecraft.server.network.ServerGamePacketListenerImpl/]: WolfOfTheGaming moved too quickly! -13.880781848145261,-10.648884457586519,3.2897308115707347
[12Nov.2023 10:05:17.158] [Server thread/WARN] [net.minecraft.server.network.ServerGamePacketListenerImpl/]: BernhardBMX moved too quickly! 0.0,-18.77294878239934,0.0
[12Nov.2023 10:05:21.609] [Server thread/WARN] [net.minecraft.server.network.ServerGamePacketListenerImpl/]: BernhardBMX moved too quickly! 0.0,-19.840269620679123,0.0
[12Nov.2023 10:05:25.591] [Server thread/WARN] [net.minecraft.server.network.ServerGamePacketListenerImpl/]: BernhardBMX moved too quickly! 0.0,-19.243222692825555,0.0
[12Nov.2023 10:05:28.882] [Server thread/WARN] [net.minecraft.server.network.ServerGamePacketListenerImpl/]: WolfOfTheGaming moved too quickly! -17.337159323982178,-1.4859379171477372,0.07317128626800695
[12Nov.2023 10:05:28.887] [Server thread/WARN] [net.minecraft.server.network.ServerGamePacketListenerImpl/]: BernhardBMX moved too quickly! 0.0,-18.772948782399453,0.0
[12Nov.2023 10:05:29.497] [Server thread/WARN] [net.minecraft.server.MinecraftServer/]: Can't keep up! Is the server overloaded? Running 4535ms or 90 ticks behind
[12Nov.2023 10:05:32.519] [Server thread/WARN] [net.minecraft.server.network.ServerGamePacketListenerImpl/]: BernhardBMX moved too quickly! 0.0,-20.627020430582604,0.0
[12Nov.2023 10:05:34.894] [Server thread/WARN] [net.minecraft.server.network.ServerGamePacketListenerImpl/]: BernhardBMX moved too quickly! 0.0,-18.078021696462542,0.0
[12Nov.2023 10:05:39.290] [Server thread/WARN] [net.minecraft.server.network.ServerGamePacketListenerImpl/]: BernhardBMX moved too quickly! 0.0,-18.550463372220463,0.0
[12Nov.2023 10:05:40.025] [Server thread/WARN] [net.minecraft.server.network.ServerGamePacketListenerImpl/]: WolfOfTheGaming moved too quickly! -17.55378225538243,-1.6321945081705564,-0.3363448762211192
[12Nov.2023 10:05:43.567] [Server thread/WARN] [net.minecraft.server.network.ServerGamePacketListenerImpl/]: BernhardBMX moved too quickly! 0.05787781900835398,-18.472496931180757,0.053329923396631784
[12Nov.2023 10:05:43.568] [Server thread/WARN] [net.minecraft.server.network.ServerGamePacketListenerImpl/]: WolfOfTheGaming moved too quickly! -17.42850246422404,-1.258496230203832,-0.24397270826284512
[12Nov.2023 10:05:44.460] [Server thread/WARN] [net.minecraft.server.network.ServerGamePacketListenerImpl/]: WolfOfTheGaming moved too quickly! -18.432888058923254,-1.1242713724155635,-0.2576497872660184
[12Nov.2023 10:05:45.424] [Server thread/WARN] [net.minecraft.server.network.ServerGamePacketListenerImpl/]: BernhardBMX moved too quickly! 3.02172441364155,-17.686904510675504,2.0438474244238023
[12Nov.2023 10:05:54.718] [Server thread/WARN] [net.minecraft.server.network.ServerGamePacketListenerImpl/]: WolfOfTheGaming moved too quickly! -17.70580237127706,-1.0217409349396576,-0.048005113121689647
[12Nov.2023 10:05:54.727] [Server thread/INFO] [net.minecraft.server.network.ServerGamePacketListenerImpl/]: BernhardBMX lost connection: Disconnected
[12Nov.2023 10:05:54.734] [Server thread/INFO] [net.minecraft.server.MinecraftServer/]: [BW] BernhardBMX left the game
[12Nov.2023 10:05:54.950] [Server thread/WARN] [net.minecraft.server.MinecraftServer/]: Can't keep up! Is the server overloaded? Running 10488ms or 209 ticks behind
[12Nov.2023 10:06:01.499] [Server thread/WARN] [net.minecraft.server.network.ServerGamePacketListenerImpl/]: WolfOfTheGaming moved too quickly! -17.426372458122387,-1.653627765954127,0.0030852836225676583
[12Nov.2023 10:06:12.727] [Server thread/WARN] [net.minecraft.server.network.ServerGamePacketListenerImpl/]: WolfOfTheGaming moved too quickly! -17.773369158576315,-1.0191319494435334,-0.0017434866522307857
[12Nov.2023 10:06:13.199] [Server thread/WARN] [net.minecraft.server.MinecraftServer/]: Can't keep up! Is the server overloaded? Running 3287ms or 65 ticks behind
[12Nov.2023 10:06:15.880] [Server thread/WARN] [net.minecraft.server.network.ServerGamePacketListenerImpl/]: WolfOfTheGaming moved too quickly! -17.342566066025938,-1.6839749527674712,0.0030761213247387786
[12Nov.2023 10:06:18.949] [Server thread/WARN] [net.minecraft.server.network.ServerGamePacketListenerImpl/]: WolfOfTheGaming moved too quickly! -17.38279454263011,-2.5320479232386504,0.003208347608051554
[12Nov.2023 10:06:23.351] [User Authenticator #12/INFO] [net.minecraft.server.network.ServerLoginPacketListenerImpl/]: UUID of player BernhardBMX is b5b3d888-4807-436f-b529-3aa62274a8ac
[12Nov.2023 10:06:30.210] [Server thread/WARN] [net.minecraft.server.network.ServerGamePacketListenerImpl/]: WolfOfTheGaming moved too quickly! -17.30334244998221,-1.5249993229255097,-3.175696328122285
[12Nov.2023 10:06:31.293] [Server thread/INFO] [net.minecraftforge.common.AdvancementLoadFix/]: Using new advancement loading for net.minecraft.server.PlayerAdvancements@1691b9f8
[12Nov.2023 10:06:31.332] [Server thread/INFO] [net.minecraft.server.players.PlayerList/]: BernhardBMX[/212.86.42.128:62091] logged in with entity id 85706 at (-1095.0712398964345, 106.94691452792081, -7459.705142817061)
[12Nov.2023 10:06:31.340] [Server thread/INFO] [net.minecraft.server.MinecraftServer/]: [BW] BernhardBMX joined the game
[12Nov.2023 10:06:33.443] [Server thread/WARN] [net.minecraft.server.network.ServerGamePacketListenerImpl/]: WolfOfTheGaming moved too quickly! -17.176970654278193,-2.6658805166021153,-3.1532364361928558
[12Nov.2023 10:06:33.802] [Server thread/WARN] [net.minecraft.server.MinecraftServer/]: Can't keep up! Is the server overloaded? Running 5640ms or 112 ticks behind
[12Nov.2023 10:06:36.097] [Server thread/WARN] [net.minecraft.server.network.ServerGamePacketListenerImpl/]: WolfOfTheGaming moved too quickly! -18.51290921391046,-1.6382866545784367,-3.398946704329319
[12Nov.2023 10:06:40.223] [Server thread/WARN] [net.minecraft.server.network.ServerGamePacketListenerImpl/]: BernhardBMX moved too quickly! -17.284447517167337,-4.16825878326091,-5.705877097458142
[12Nov.2023 10:06:40.223] [Server thread/WARN] [net.minecraft.server.network.ServerGamePacketListenerImpl/]: WolfOfTheGaming moved too quickly! -17.384302892680353,-1.95629615564917,-2.403473288673922
[12Nov.2023 10:06:50.959] [Server thread/WARN] [net.minecraft.server.network.ServerGamePacketListenerImpl/]: BernhardBMX moved too quickly! -16.30540032672161,-5.425643903634054,-5.257983273216269
[12Nov.2023 10:06:50.965] [Server thread/WARN] [net.minecraft.server.network.ServerGamePacketListenerImpl/]: WolfOfTheGaming moved too quickly! -16.54356860390044,-6.589008807106239,-0.02876413488866092
[12Nov.2023 10:06:55.327] [Server thread/WARN] [net.minecraft.server.network.ServerGamePacketListenerImpl/]: WolfOfTheGaming moved too quickly! -18.639445984110353,-0.03611495298636669,0.7806852572357457
[12Nov.2023 10:06:55.819] [Server thread/WARN] [net.minecraft.server.MinecraftServer/]: Can't keep up! Is the server overloaded? Running 7057ms or 141 ticks behind
[12Nov.2023 10:06:57.548] [Server thread/WARN] [net.minecraft.server.network.ServerGamePacketListenerImpl/]: WolfOfTheGaming moved too quickly! -13.602095235766683,11.490397856754228,1.0571329062322548
[12Nov.2023 10:07:02.440] [Server thread/WARN] [net.minecraft.server.network.ServerGamePacketListenerImpl/]: WolfOfTheGaming moved too quickly! -17.785235580187873,-2.2963228571898213,-1.9562938912204118
[12Nov.2023 10:07:12.705] [Server thread/WARN] [net.minecraft.server.network.ServerGamePacketListenerImpl/]: BernhardBMX moved too quickly! -17.513869802706267,-3.693184339858817,-1.9221742124600496
[12Nov.2023 10:07:19.684] [Server thread/WARN] [net.minecraft.server.MinecraftServer/]: Can't keep up! Is the server overloaded? Running 2422ms or 48 ticks behind
[12Nov.2023 10:07:22.199] [Server thread/WARN] [net.minecraft.server.network.ServerGamePacketListenerImpl/]: BernhardBMX moved too quickly! -17.29026064829577,-1.673468214800451,-3.858030362125646
[12Nov.2023 10:07:28.861] [Server thread/WARN] [net.minecraft.server.network.ServerGamePacketListenerImpl/]: BernhardBMX moved too quickly! -17.23416245843805,-1.799781530695995,-3.8440343105239663
[12Nov.2023 10:07:35.693] [Server thread/WARN] [net.minecraft.server.network.ServerGamePacketListenerImpl/]: BernhardBMX moved too quickly! -18.00256918965806,-1.702515010362589,-3.5740469998954723
[12Nov.2023 10:08:42.578] [Worker-Main-1/WARN] [net.minecraft.world.level.levelgen.structure.pools.JigsawPlacement/]: Empty or non-existent pool: minecraft:village/common/villagers
[12Nov.2023 10:08:43.372] [Worker-Main-1/WARN] [net.minecraft.world.level.levelgen.structure.pools.JigsawPlacement/]: Empty or non-existent pool: minecraft:village/common/villagers
[12Nov.2023 10:08:43.558] [Server thread/WARN] [net.minecraft.server.network.ServerGamePacketListenerImpl/]: BernhardBMX moved too quickly! -17.008273356181235,-2.2018330251675025,-3.697869306623943
[12Nov.2023 10:08:55.200] [Server thread/WARN] [net.minecraft.server.network.ServerGamePacketListenerImpl/]: BernhardBMX moved too quickly! -18.244039139699908,-2.460884265063328,-3.7691847629494077
[12Nov.2023 10:09:43.970] [Server thread/WARN] [net.minecraft.server.MinecraftServer/]: Can't keep up! Is the server overloaded? Running 2407ms or 48 ticks behind
[12Nov.2023 10:09:44.021] [Server thread/WARN] [net.minecraft.server.network.ServerGamePacketListenerImpl/]: BernhardBMX moved too quickly! -17.945529457585508,2.015976074217747,1.9869146173978152
[12Nov.2023 10:09:45.829] [Server thread/WARN] [net.minecraft.server.network.ServerGamePacketListenerImpl/]: BernhardBMX moved too quickly! -18.059688686239042,0.9658828272145428,2.326547459194444
[12Nov.2023 10:09:48.244] [Server thread/WARN] [net.minecraft.server.network.ServerGamePacketListenerImpl/]: BernhardBMX moved too quickly! -17.959483538951645,-1.3005561933491094,-4.4511780538141466
[12Nov.2023 10:09:52.314] [Server thread/WARN] [net.minecraft.server.network.ServerGamePacketListenerImpl/]: WolfOfTheGaming moved too quickly! -18.484662609072075,-1.4907204893890196,-0.8410375076882701
[12Nov.2023 10:09:52.315] [Server thread/WARN] [net.minecraft.server.network.ServerGamePacketListenerImpl/]: BernhardBMX moved too quickly! -12.90078662343194,-0.39858560215618866,11.896390756678556
[12Nov.2023 10:09:57.755] [Server thread/WARN] [net.minecraft.server.network.ServerGamePacketListenerImpl/]: WolfOfTheGaming moved too quickly! -18.481902924999304,-1.788130482907519,-0.8404627600139065
[12Nov.2023 10:09:57.756] [Server thread/WARN] [net.minecraft.server.network.ServerGamePacketListenerImpl/]: BernhardBMX moved too quickly! -17.795500759185416,-2.7111240007544097,-1.850552553124544
[12Nov.2023 10:10:08.856] [Server thread/WARN] [net.minecraft.server.network.ServerGamePacketListenerImpl/]: BernhardBMX moved too quickly! -17.115854896520432,-2.521480888093464,-3.499043666644866
[12Nov.2023 10:10:14.107] [Server thread/WARN] [net.minecraft.server.network.ServerGamePacketListenerImpl/]: WolfOfTheGaming moved too quickly! -17.480463220163074,-1.9433901510476232,-0.7949326300322355
[12Nov.2023 10:10:14.113] [Server thread/WARN] [net.minecraft.server.network.ServerGamePacketListenerImpl/]: BernhardBMX moved too quickly! -15.409291919357202,-7.1228396891657155,-3.948656105909322
[12Nov.2023 10:10:14.134] [Server thread/WARN] [net.minecraft.server.MinecraftServer/]: Can't keep up! Is the server overloaded? Running 5722ms or 114 ticks behind
[12Nov.2023 10:10:31.473] [Server thread/WARN] [net.minecraft.server.network.ServerGamePacketListenerImpl/]: WolfOfTheGaming moved wrongly!
[12Nov.2023 10:17:43.849] [Server thread/WARN] [net.minecraft.server.MinecraftServer/]: Can't keep up! Is the server overloaded? Running 5887ms or 117 ticks behind
[12Nov.2023 10:18:34.620] [Server thread/INFO] [net.minecraft.server.MinecraftServer/]: [BW] WolfOfTheGaming has completed the challenge [Return to Sender]
[12Nov.2023 10:30:13.545] [Server thread/WARN] [net.minecraft.server.network.ServerGamePacketListenerImpl/]: BernhardBMX moved wrongly!
[12Nov.2023 10:30:15.595] [Server thread/WARN] [net.minecraft.server.network.ServerGamePacketListenerImpl/]: BernhardBMX moved wrongly!
[12Nov.2023 10:32:07.945] [Server thread/WARN] [net.minecraft.server.level.ServerPlayerGameMode/]: Mismatch in destroy block pos: BlockPos{x=-5411, y=69, z=-7997} BlockPos{x=-4198, y=78, z=-7928}
[12Nov.2023 10:32:07.996] [Server thread/WARN] [net.minecraft.server.level.ServerPlayerGameMode/]: Mismatch in destroy block pos: BlockPos{x=-5411, y=69, z=-7997} BlockPos{x=-4198, y=78, z=-7928}
[12Nov.2023 10:32:08.045] [Server thread/WARN] [net.minecraft.server.level.ServerPlayerGameMode/]: Mismatch in destroy block pos: BlockPos{x=-5411, y=69, z=-7997} BlockPos{x=-4198, y=78, z=-7928}
[12Nov.2023 10:32:08.106] [Server thread/WARN] [net.minecraft.server.level.ServerPlayerGameMode/]: Mismatch in destroy block pos: BlockPos{x=-5411, y=69, z=-7997} BlockPos{x=-4198, y=78, z=-7928}
[12Nov.2023 10:32:11.794] [Server thread/WARN] [net.minecraft.server.level.ServerPlayerGameMode/]: Mismatch in destroy block pos: BlockPos{x=-4196, y=73, z=-7926} BlockPos{x=-4197, y=74, z=-7926}
[12Nov.2023 10:32:11.846] [Server thread/WARN] [net.minecraft.server.level.ServerPlayerGameMode/]: Mismatch in destroy block pos: BlockPos{x=-4196, y=73, z=-7926} BlockPos{x=-4197, y=74, z=-7926}
[12Nov.2023 10:32:11.897] [Server thread/WARN] [net.minecraft.server.level.ServerPlayerGameMode/]: Mismatch in destroy block pos: BlockPos{x=-4196, y=73, z=-7926} BlockPos{x=-4197, y=74, z=-7926}
[12Nov.2023 10:32:11.945] [Server thread/WARN] [net.minecraft.server.level.ServerPlayerGameMode/]: Mismatch in destroy block pos: BlockPos{x=-4196, y=73, z=-7926} BlockPos{x=-4197, y=74, z=-7926}
[12Nov.2023 10:32:12.000] [Server thread/WARN] [net.minecraft.server.level.ServerPlayerGameMode/]: Mismatch in destroy block pos: BlockPos{x=-4196, y=73, z=-7926} BlockPos{x=-4197, y=74, z=-7926}
[12Nov.2023 10:32:19.093] [Server thread/WARN] [net.minecraft.server.level.ServerPlayerGameMode/]: Mismatch in destroy block pos: BlockPos{x=-4202, y=72, z=-7928} BlockPos{x=-4202, y=71, z=-7927}
[12Nov.2023 10:32:19.145] [Server thread/WARN] [net.minecraft.server.level.ServerPlayerGameMode/]: Mismatch in destroy block pos: BlockPos{x=-4202, y=72, z=-7928} BlockPos{x=-4202, y=71, z=-7927}
[12Nov.2023 10:32:19.193] [Server thread/WARN] [net.minecraft.server.level.ServerPlayerGameMode/]: Mismatch in destroy block pos: BlockPos{x=-4202, y=72, z=-7928} BlockPos{x=-4202, y=71, z=-7927}
[12Nov.2023 10:32:19.286] [Server thread/WARN] [net.minecraft.server.level.ServerPlayerGameMode/]: Mismatch in destroy block pos: BlockPos{x=-4202, y=72, z=-7928} BlockPos{x=-4202, y=71, z=-7927}
[12Nov.2023 10:32:29.745] [Server thread/WARN] [net.minecraft.server.level.ServerPlayerGameMode/]: Mismatch in destroy block pos: BlockPos{x=-4201, y=68, z=-7924} BlockPos{x=-4201, y=68, z=-7925}
[12Nov.2023 10:32:29.795] [Server thread/WARN] [net.minecraft.server.level.ServerPlayerGameMode/]: Mismatch in destroy block pos: BlockPos{x=-4201, y=68, z=-7924} BlockPos{x=-4201, y=68, z=-7925}
[12Nov.2023 10:32:29.845] [Server thread/WARN] [net.minecraft.server.level.ServerPlayerGameMode/]: Mismatch in destroy block pos: BlockPos{x=-4201, y=68, z=-7924} BlockPos{x=-4201, y=68, z=-7925}
[12Nov.2023 10:32:29.896] [Server thread/WARN] [net.minecraft.server.level.ServerPlayerGameMode/]: Mismatch in destroy block pos: BlockPos{x=-4201, y=68, z=-7924} BlockPos{x=-4201, y=68, z=-7925}
[12Nov.2023 10:32:29.944] [Server thread/WARN] [net.minecraft.server.level.ServerPlayerGameMode/]: Mismatch in destroy block pos: BlockPos{x=-4201, y=68, z=-7924} BlockPos{x=-4201, y=68, z=-7925}
[12Nov.2023 10:32:29.994] [Server thread/WARN] [net.minecraft.server.level.ServerPlayerGameMode/]: Mismatch in destroy block pos: BlockPos{x=-4201, y=68, z=-7924} BlockPos{x=-4201, y=68, z=-7925}
[12Nov.2023 10:32:30.045] [Server thread/WARN] [net.minecraft.server.level.ServerPlayerGameMode/]: Mismatch in destroy block pos: BlockPos{x=-4201, y=68, z=-7924} BlockPos{x=-4201, y=68, z=-7925}
[12Nov.2023 10:32:30.095] [Server thread/WARN] [net.minecraft.server.level.ServerPlayerGameMode/]: Mismatch in destroy block pos: BlockPos{x=-4201, y=68, z=-7924} BlockPos{x=-4201, y=68, z=-7925}
[12Nov.2023 10:32:30.145] [Server thread/WARN] [net.minecraft.server.level.ServerPlayerGameMode/]: Mismatch in destroy block pos: BlockPos{x=-4201, y=68, z=-7924} BlockPos{x=-4201, y=68, z=-7925}
[12Nov.2023 10:32:30.195] [Server thread/WARN] [net.minecraft.server.level.ServerPlayerGameMode/]: Mismatch in destroy block pos: BlockPos{x=-4201, y=68, z=-7924} BlockPos{x=-4201, y=68, z=-7925}
[12Nov.2023 10:32:30.245] [Server thread/WARN] [net.minecraft.server.level.ServerPlayerGameMode/]: Mismatch in destroy block pos: BlockPos{x=-4201, y=68, z=-7924} BlockPos{x=-4201, y=68, z=-7925}
[12Nov.2023 10:32:30.294] [Server thread/WARN] [net.minecraft.server.level.ServerPlayerGameMode/]: Mismatch in destroy block pos: BlockPos{x=-4201, y=68, z=-7924} BlockPos{x=-4201, y=68, z=-7925}
[12Nov.2023 10:32:30.357] [Server thread/WARN] [net.minecraft.server.level.ServerPlayerGameMode/]: Mismatch in destroy block pos: BlockPos{x=-4201, y=68, z=-7924} BlockPos{x=-4201, y=68, z=-7925}
[12Nov.2023 10:32:30.394] [Server thread/WARN] [net.minecraft.server.level.ServerPlayerGameMode/]: Mismatch in destroy block pos: BlockPos{x=-4201, y=68, z=-7924} BlockPos{x=-4201, y=68, z=-7925}
[12Nov.2023 10:32:30.446] [Server thread/WARN] [net.minecraft.server.level.ServerPlayerGameMode/]: Mismatch in destroy block pos: BlockPos{x=-4201, y=68, z=-7924} BlockPos{x=-4201, y=68, z=-7925}
[12Nov.2023 10:32:30.495] [Server thread/WARN] [net.minecraft.server.level.ServerPlayerGameMode/]: Mismatch in destroy block pos: BlockPos{x=-4201, y=68, z=-7924} BlockPos{x=-4201, y=68, z=-7925}
[12Nov.2023 10:32:30.549] [Server thread/WARN] [net.minecraft.server.level.ServerPlayerGameMode/]: Mismatch in destroy block pos: BlockPos{x=-4201, y=68, z=-7924} BlockPos{x=-4201, y=68, z=-7925}
[12Nov.2023 10:32:30.597] [Server thread/WARN] [net.minecraft.server.level.ServerPlayerGameMode/]: Mismatch in destroy block pos: BlockPos{x=-4201, y=68, z=-7924} BlockPos{x=-4201, y=68, z=-7925}
[12Nov.2023 10:32:30.898] [Server thread/WARN] [net.minecraft.server.level.ServerPlayerGameMode/]: Mismatch in destroy block pos: BlockPos{x=-4200, y=70, z=-7925} BlockPos{x=-4201, y=70, z=-7924}
[12Nov.2023 10:32:30.949] [Server thread/WARN] [net.minecraft.server.level.ServerPlayerGameMode/]: Mismatch in destroy block pos: BlockPos{x=-4200, y=70, z=-7925} BlockPos{x=-4201, y=70, z=-7924}
[12Nov.2023 10:32:30.997] [Server thread/WARN] [net.minecraft.server.level.ServerPlayerGameMode/]: Mismatch in destroy block pos: BlockPos{x=-4200, y=70, z=-7925} BlockPos{x=-4201, y=70, z=-7924}
[12Nov.2023 10:32:31.049] [Server thread/WARN] [net.minecraft.server.level.ServerPlayerGameMode/]: Mismatch in destroy block pos: BlockPos{x=-4200, y=70, z=-7925} BlockPos{x=-4201, y=70, z=-7924}
[12Nov.2023 10:32:31.122] [Server thread/WARN] [net.minecraft.server.level.ServerPlayerGameMode/]: Mismatch in destroy block pos: BlockPos{x=-4200, y=70, z=-7925} BlockPos{x=-4201, y=70, z=-7924}
[12Nov.2023 10:32:31.155] [Server thread/WARN] [net.minecraft.server.level.ServerPlayerGameMode/]: Mismatch in destroy block pos: BlockPos{x=-4200, y=70, z=-7925} BlockPos{x=-4201, y=70, z=-7924}
[12Nov.2023 10:32:31.198] [Server thread/WARN] [net.minecraft.server.level.ServerPlayerGameMode/]: Mismatch in destroy block pos: BlockPos{x=-4200, y=70, z=-7925} BlockPos{x=-4201, y=70, z=-7924}
[12Nov.2023 10:32:31.307] [Server thread/WARN] [net.minecraft.server.level.ServerPlayerGameMode/]: Mismatch in destroy block pos: BlockPos{x=-4200, y=70, z=-7925} BlockPos{x=-4201, y=70, z=-7924}
[12Nov.2023 10:32:53.495] [Server thread/WARN] [net.minecraft.server.level.ServerPlayerGameMode/]: Mismatch in destroy block pos: BlockPos{x=-4194, y=67, z=-7925} BlockPos{x=-4192, y=67, z=-7924}
[12Nov.2023 10:32:53.545] [Server thread/WARN] [net.minecraft.server.level.ServerPlayerGameMode/]: Mismatch in destroy block pos: BlockPos{x=-4194, y=67, z=-7925} BlockPos{x=-4192, y=67, z=-7924}
[12Nov.2023 10:33:03.444] [Server thread/WARN] [net.minecraft.server.level.ServerPlayerGameMode/]: Mismatch in destroy block pos: BlockPos{x=-4206, y=67, z=-7930} BlockPos{x=-4207, y=66, z=-7929}
[12Nov.2023 10:33:05.494] [Server thread/WARN] [net.minecraft.server.level.ServerPlayerGameMode/]: Mismatch in destroy block pos: BlockPos{x=-4195, y=65, z=-7924} BlockPos{x=-4196, y=65, z=-7925}
[12Nov.2023 10:33:05.546] [Server thread/WARN] [net.minecraft.server.level.ServerPlayerGameMode/]: Mismatch in destroy block pos: BlockPos{x=-4195, y=65, z=-7924} BlockPos{x=-4196, y=65, z=-7925}
[12Nov.2023 10:33:05.596] [Server thread/WARN] [net.minecraft.server.level.ServerPlayerGameMode/]: Mismatch in destroy block pos: BlockPos{x=-4195, y=65, z=-7924} BlockPos{x=-4196, y=65, z=-7925}
[12Nov.2023 10:33:05.645] [Server thread/WARN] [net.minecraft.server.level.ServerPlayerGameMode/]: Mismatch in destroy block pos: BlockPos{x=-4195, y=65, z=-7924} BlockPos{x=-4196, y=65, z=-7925}
[12Nov.2023 10:33:05.695] [Server thread/WARN] [net.minecraft.server.level.ServerPlayerGameMode/]: Mismatch in destroy block pos: BlockPos{x=-4195, y=65, z=-7924} BlockPos{x=-4196, y=65, z=-7925}
[12Nov.2023 10:33:05.747] [Server thread/WARN] [net.minecraft.server.level.ServerPlayerGameMode/]: Mismatch in destroy block pos: BlockPos{x=-4195, y=65, z=-7924} BlockPos{x=-4196, y=65, z=-7925}
[12Nov.2023 10:33:05.794] [Server thread/WARN] [net.minecraft.server.level.ServerPlayerGameMode/]: Mismatch in destroy block pos: BlockPos{x=-4195, y=65, z=-7924} BlockPos{x=-4196, y=65, z=-7925}
[12Nov.2023 10:33:05.845] [Server thread/WARN] [net.minecraft.server.level.ServerPlayerGameMode/]: Mismatch in destroy block pos: BlockPos{x=-4195, y=65, z=-7924} BlockPos{x=-4196, y=65, z=-7925}
[12Nov.2023 10:33:05.893] [Server thread/WARN] [net.minecraft.server.level.ServerPlayerGameMode/]: Mismatch in destroy block pos: BlockPos{x=-4195, y=65, z=-7924} BlockPos{x=-4196, y=65, z=-7925}
[12Nov.2023 10:33:05.945] [Server thread/WARN] [net.minecraft.server.level.ServerPlayerGameMode/]: Mismatch in destroy block pos: BlockPos{x=-4195, y=65, z=-7924} BlockPos{x=-4196, y=65, z=-7925}
[12Nov.2023 10:33:05.998] [Server thread/WARN] [net.minecraft.server.level.ServerPlayerGameMode/]: Mismatch in destroy block pos: BlockPos{x=-4195, y=65, z=-7924} BlockPos{x=-4196, y=65, z=-7925}
[12Nov.2023 10:33:07.345] [Server thread/WARN] [net.minecraft.server.level.ServerPlayerGameMode/]: Mismatch in destroy block pos: BlockPos{x=-4192, y=66, z=-7925} BlockPos{x=-4192, y=66, z=-7924}
[12Nov.2023 10:33:07.396] [Server thread/WARN] [net.minecraft.server.level.ServerPlayerGameMode/]: Mismatch in destroy block pos: BlockPos{x=-4192, y=66, z=-7925} BlockPos{x=-4192, y=66, z=-7924}
[12Nov.2023 10:33:07.447] [Server thread/WARN] [net.minecraft.server.level.ServerPlayerGameMode/]: Mismatch in destroy block pos: BlockPos{x=-4192, y=66, z=-7925} BlockPos{x=-4192, y=66, z=-7924}
[12Nov.2023 10:33:07.496] [Server thread/WARN] [net.minecraft.server.level.ServerPlayerGameMode/]: Mismatch in destroy block pos: BlockPos{x=-4192, y=66, z=-7925} BlockPos{x=-4192, y=66, z=-7924}
[12Nov.2023 10:33:07.546] [Server thread/WARN] [net.minecraft.server.level.ServerPlayerGameMode/]: Mismatch in destroy block pos: BlockPos{x=-4192, y=66, z=-7925} BlockPos{x=-4192, y=66, z=-7924}
[12Nov.2023 10:33:17.944] [Server thread/WARN] [net.minecraft.server.level.ServerPlayerGameMode/]: Mismatch in destroy block pos: BlockPos{x=-4201, y=66, z=-7931} BlockPos{x=-4202, y=66, z=-7932}
[12Nov.2023 10:33:25.694] [Server thread/WARN] [net.minecraft.server.level.ServerPlayerGameMode/]: Mismatch in destroy block pos: BlockPos{x=-4205, y=65, z=-7919} BlockPos{x=-4204, y=65, z=-7920}
[12Nov.2023 10:33:25.744] [Server thread/WARN] [net.minecraft.server.level.ServerPlayerGameMode/]: Mismatch in destroy block pos: BlockPos{x=-4205, y=65, z=-7919} BlockPos{x=-4204, y=65, z=-7920}
[12Nov.2023 10:33:25.793] [Server thread/WARN] [net.minecraft.server.level.ServerPlayerGameMode/]: Mismatch in destroy block pos: BlockPos{x=-4205, y=65, z=-7919} BlockPos{x=-4204, y=65, z=-7920}
[12Nov.2023 10:33:25.845] [Server thread/WARN] [net.minecraft.server.level.ServerPlayerGameMode/]: Mismatch in destroy block pos: BlockPos{x=-4205, y=65, z=-7919} BlockPos{x=-4204, y=65, z=-7920}
[12Nov.2023 10:33:25.895] [Server thread/WARN] [net.minecraft.server.level.ServerPlayerGameMode/]: Mismatch in destroy block pos: BlockPos{x=-4205, y=65, z=-7919} BlockPos{x=-4204, y=65, z=-7920}
[12Nov.2023 10:33:25.948] [Server thread/WARN] [net.minecraft.server.level.ServerPlayerGameMode/]: Mismatch in destroy block pos: BlockPos{x=-4205, y=65, z=-7919} BlockPos{x=-4204, y=65, z=-7920}
[12Nov.2023 10:33:25.995] [Server thread/WARN] [net.minecraft.server.level.ServerPlayerGameMode/]: Mismatch in destroy block pos: BlockPos{x=-4205, y=65, z=-7919} BlockPos{x=-4204, y=65, z=-7920}
[12Nov.2023 10:33:26.046] [Server thread/WARN] [net.minecraft.server.level.ServerPlayerGameMode/]: Mismatch in destroy block pos: BlockPos{x=-4205, y=65, z=-7919} BlockPos{x=-4204, y=65, z=-7920}
[12Nov.2023 10:33:26.094] [Server thread/WARN] [net.minecraft.server.level.ServerPlayerGameMode/]: Mismatch in destroy block pos: BlockPos{x=-4205, y=65, z=-7919} BlockPos{x=-4204, y=65, z=-7920}
[12Nov.2023 10:33:29.996] [Server thread/WARN] [net.minecraft.server.level.ServerPlayerGameMode/]: Mismatch in destroy block pos: BlockPos{x=-4202, y=65, z=-7930} BlockPos{x=-4202, y=64, z=-7929}
[12Nov.2023 10:33:30.047] [Server thread/WARN] [net.minecraft.server.level.ServerPlayerGameMode/]: Mismatch in destroy block pos: BlockPos{x=-4202, y=65, z=-7930} BlockPos{x=-4202, y=64, z=-7929}
[12Nov.2023 10:33:30.096] [Server thread/WARN] [net.minecraft.server.level.ServerPlayerGameMode/]: Mismatch in destroy block pos: BlockPos{x=-4202, y=65, z=-7930} BlockPos{x=-4202, y=64, z=-7929}
[12Nov.2023 10:33:30.147] [Server thread/WARN] [net.minecraft.server.level.ServerPlayerGameMode/]: Mismatch in destroy block pos: BlockPos{x=-4202, y=65, z=-7930} BlockPos{x=-4202, y=64, z=-7929}
[12Nov.2023 10:33:30.194] [Server thread/WARN] [net.minecraft.server.level.ServerPlayerGameMode/]: Mismatch in destroy block pos: BlockPos{x=-4202, y=65, z=-7930} BlockPos{x=-4202, y=64, z=-7929}
[12Nov.2023 10:33:30.246] [Server thread/WARN] [net.minecraft.server.level.ServerPlayerGameMode/]: Mismatch in destroy block pos: BlockPos{x=-4202, y=65, z=-7930} BlockPos{x=-4202, y=64, z=-7929}
[12Nov.2023 10:33:30.296] [Server thread/WARN] [net.minecraft.server.level.ServerPlayerGameMode/]: Mismatch in destroy block pos: BlockPos{x=-4202, y=65, z=-7930} BlockPos{x=-4202, y=64, z=-7929}
[12Nov.2023 10:33:39.944] [Server thread/WARN] [net.minecraft.server.level.ServerPlayerGameMode/]: Mismatch in destroy block pos: BlockPos{x=-4206, y=65, z=-7925} BlockPos{x=-4206, y=65, z=-7924}
[12Nov.2023 10:33:39.993] [Server thread/WARN] [net.minecraft.server.level.ServerPlayerGameMode/]: Mismatch in destroy block pos: BlockPos{x=-4206, y=65, z=-7925} BlockPos{x=-4206, y=65, z=-7924}
[12Nov.2023 10:33:40.045] [Server thread/WARN] [net.minecraft.server.level.ServerPlayerGameMode/]: Mismatch in destroy block pos: BlockPos{x=-4206, y=65, z=-7925} BlockPos{x=-4206, y=65, z=-7924}
[12Nov.2023 10:33:57.244] [Server thread/WARN] [net.minecraft.server.level.ServerPlayerGameMode/]: Mismatch in destroy block pos: BlockPos{x=-4202, y=64, z=-7924} BlockPos{x=-4201, y=64, z=-7923}
[12Nov.2023 10:33:57.296] [Server thread/WARN] [net.minecraft.server.level.ServerPlayerGameMode/]: Mismatch in destroy block pos: BlockPos{x=-4202, y=64, z=-7924} BlockPos{x=-4201, y=64, z=-7923}
[12Nov.2023 10:33:57.347] [Server thread/WARN] [net.minecraft.server.level.ServerPlayerGameMode/]: Mismatch in destroy block pos: BlockPos{x=-4202, y=64, z=-7924} BlockPos{x=-4201, y=64, z=-7923}
[12Nov.2023 10:33:57.396] [Server thread/WARN] [net.minecraft.server.level.ServerPlayerGameMode/]: Mismatch in destroy block pos: BlockPos{x=-4202, y=64, z=-7924} BlockPos{x=-4201, y=64, z=-7923}
[12Nov.2023 10:33:57.443] [Server thread/WARN] [net.minecraft.server.level.ServerPlayerGameMode/]: Mismatch in destroy block pos: BlockPos{x=-4202, y=64, z=-7924} BlockPos{x=-4201, y=64, z=-7923}
[12Nov.2023 10:33:57.493] [Server thread/WARN] [net.minecraft.server.level.ServerPlayerGameMode/]: Mismatch in destroy block pos: BlockPos{x=-4202, y=64, z=-7924} BlockPos{x=-4201, y=64, z=-7923}
[12Nov.2023 10:33:57.547] [Server thread/WARN] [net.minecraft.server.level.ServerPlayerGameMode/]: Mismatch in destroy block pos: BlockPos{x=-4202, y=64, z=-7924} BlockPos{x=-4201, y=64, z=-7923}
[12Nov.2023 10:33:57.595] [Server thread/WARN] [net.minecraft.server.level.ServerPlayerGameMode/]: Mismatch in destroy block pos: BlockPos{x=-4202, y=64, z=-7924} BlockPos{x=-4201, y=64, z=-7923}
[12Nov.2023 10:33:57.648] [Server thread/WARN] [net.minecraft.server.level.ServerPlayerGameMode/]: Mismatch in destroy block pos: BlockPos{x=-4202, y=64, z=-7924} BlockPos{x=-4201, y=64, z=-7923}
[12Nov.2023 10:33:57.694] [Server thread/WARN] [net.minecraft.server.level.ServerPlayerGameMode/]: Mismatch in destroy block pos: BlockPos{x=-4202, y=64, z=-7924} BlockPos{x=-4201, y=64, z=-7923}
[12Nov.2023 10:33:57.747] [Server thread/WARN] [net.minecraft.server.level.ServerPlayerGameMode/]: Mismatch in destroy block pos: BlockPos{x=-4202, y=64, z=-7924} BlockPos{x=-4201, y=64, z=-7923}
[12Nov.2023 10:33:57.795] [Server thread/WARN] [net.minecraft.server.level.ServerPlayerGameMode/]: Mismatch in destroy block pos: BlockPos{x=-4202, y=64, z=-7924} BlockPos{x=-4201, y=64, z=-7923}
[12Nov.2023 10:33:57.844] [Server thread/WARN] [net.minecraft.server.level.ServerPlayerGameMode/]: Mismatch in destroy block pos: BlockPos{x=-4202, y=64, z=-7924} BlockPos{x=-4201, y=64, z=-7923}
[12Nov.2023 10:33:57.894] [Server thread/WARN] [net.minecraft.server.level.ServerPlayerGameMode/]: Mismatch in destroy block pos: BlockPos{x=-4202, y=64, z=-7924} BlockPos{x=-4201, y=64, z=-7923}
[12Nov.2023 10:33:57.945] [Server thread/WARN] [net.minecraft.server.level.ServerPlayerGameMode/]: Mismatch in destroy block pos: BlockPos{x=-4202, y=64, z=-7924} BlockPos{x=-4201, y=64, z=-7923}
[12Nov.2023 10:33:57.995] [Server thread/WARN] [net.minecraft.server.level.ServerPlayerGameMode/]: Mismatch in destroy block pos: BlockPos{x=-4202, y=64, z=-7924} BlockPos{x=-4201, y=64, z=-7923}
[12Nov.2023 10:33:58.044] [Server thread/WARN] [net.minecraft.server.level.ServerPlayerGameMode/]: Mismatch in destroy block pos: BlockPos{x=-4202, y=64, z=-7924} BlockPos{x=-4201, y=64, z=-7923}
[12Nov.2023 10:33:58.093] [Server thread/WARN] [net.minecraft.server.level.ServerPlayerGameMode/]: Mismatch in destroy block pos: BlockPos{x=-4202, y=64, z=-7924} BlockPos{x=-4201, y=64, z=-7923}
[12Nov.2023 10:33:58.144] [Server thread/WARN] [net.minecraft.server.level.ServerPlayerGameMode/]: Mismatch in destroy block pos: BlockPos{x=-4202, y=64, z=-7924} BlockPos{x=-4201, y=64, z=-7923}
[12Nov.2023 10:33:58.196] [Server thread/WARN] [net.minecraft.server.level.ServerPlayerGameMode/]: Mismatch in destroy block pos: BlockPos{x=-4202, y=64, z=-7924} BlockPos{x=-4201, y=64, z=-7923}
[12Nov.2023 10:33:58.247] [Server thread/WARN] [net.minecraft.server.level.ServerPlayerGameMode/]: Mismatch in destroy block pos: BlockPos{x=-4202, y=64, z=-7924} BlockPos{x=-4201, y=64, z=-7923}
[12Nov.2023 10:33:58.299] [Server thread/WARN] [net.minecraft.server.level.ServerPlayerGameMode/]: Mismatch in destroy block pos: BlockPos{x=-4202, y=64, z=-7924} BlockPos{x=-4201, y=64, z=-7923}
[12Nov.2023 10:33:58.346] [Server thread/WARN] [net.minecraft.server.level.ServerPlayerGameMode/]: Mismatch in destroy block pos: BlockPos{x=-4202, y=64, z=-7924} BlockPos{x=-4201, y=64, z=-7923}
[12Nov.2023 10:33:58.395] [Server thread/WARN] [net.minecraft.server.level.ServerPlayerGameMode/]: Mismatch in destroy block pos: BlockPos{x=-4202, y=64, z=-7924} BlockPos{x=-4201, y=64, z=-7923}
[12Nov.2023 10:33:58.445] [Server thread/WARN] [net.minecraft.server.level.ServerPlayerGameMode/]: Mismatch in destroy block pos: BlockPos{x=-4202, y=64, z=-7924} BlockPos{x=-4201, y=64, z=-7923}
[12Nov.2023 10:33:58.493] [Server thread/WARN] [net.minecraft.server.level.ServerPlayerGameMode/]: Mismatch in destroy block pos: BlockPos{x=-4202, y=64, z=-7924} BlockPos{x=-4201, y=64, z=-7923}
[12Nov.2023 10:33:58.547] [Server thread/WARN] [net.minecraft.server.level.ServerPlayerGameMode/]: Mismatch in destroy block pos: BlockPos{x=-4202, y=64, z=-7924} BlockPos{x=-4201, y=64, z=-7923}
[12Nov.2023 10:33:58.599] [Server thread/WARN] [net.minecraft.server.level.ServerPlayerGameMode/]: Mismatch in destroy block pos: BlockPos{x=-4202, y=64, z=-7924} BlockPos{x=-4201, y=64, z=-7923}
[12Nov.2023 10:33:58.647] [Server thread/WARN] [net.minecraft.server.level.ServerPlayerGameMode/]: Mismatch in destroy block pos: BlockPos{x=-4202, y=64, z=-7924} BlockPos{x=-4201, y=64, z=-7923}
[12Nov.2023 10:33:58.695] [Server thread/WARN] [net.minecraft.server.level.ServerPlayerGameMode/]: Mismatch in destroy block pos: BlockPos{x=-4202, y=64, z=-7924} BlockPos{x=-4201, y=64, z=-7923}
[12Nov.2023 10:34:04.344] [Server thread/WARN] [net.minecraft.server.level.ServerPlayerGameMode/]: Mismatch in destroy block pos: BlockPos{x=-4200, y=64, z=-7920} BlockPos{x=-4200, y=63, z=-7921}
[12Nov.2023 10:34:04.395] [Server thread/WARN] [net.minecraft.server.level.ServerPlayerGameMode/]: Mismatch in destroy block pos: BlockPos{x=-4200, y=64, z=-7920} BlockPos{x=-4200, y=63, z=-7921}
[12Nov.2023 10:34:04.445] [Server thread/WARN] [net.minecraft.server.level.ServerPlayerGameMode/]: Mismatch in destroy block pos: BlockPos{x=-4200, y=64, z=-7920} BlockPos{x=-4200, y=63, z=-7921}
[12Nov.2023 10:34:27.082] [Server thread/INFO] [net.minecraft.server.MinecraftServer/]: <[BW] BernhardBMX> komm her
[12Nov.2023 10:35:24.144] [Server thread/WARN] [net.minecraft.server.level.ServerPlayerGameMode/]: Mismatch in destroy block pos: BlockPos{x=-4203, y=63, z=-7926} BlockPos{x=-4197, y=63, z=-7918}
[12Nov.2023 10:35:24.195] [Server thread/WARN] [net.minecraft.server.level.ServerPlayerGameMode/]: Mismatch in destroy block pos: BlockPos{x=-4203, y=63, z=-7926} BlockPos{x=-4197, y=63, z=-7918}
[12Nov.2023 10:35:24.245] [Server thread/WARN] [net.minecraft.server.level.ServerPlayerGameMode/]: Mismatch in destroy block pos: BlockPos{x=-4203, y=63, z=-7926} BlockPos{x=-4197, y=63, z=-7918}
[12Nov.2023 10:42:02.668] [Server thread/WARN] [net.minecraft.server.level.ServerPlayerGameMode/]: Mismatch in destroy block pos: BlockPos{x=-5587, y=49, z=-7848} BlockPos{x=-5588, y=49, z=-7848}
[12Nov.2023 10:42:02.719] [Server thread/WARN] [net.minecraft.server.level.ServerPlayerGameMode/]: Mismatch in destroy block pos: BlockPos{x=-5587, y=50, z=-7848} BlockPos{x=-5588, y=49, z=-7848}
[12Nov.2023 10:42:02.768] [Server thread/WARN] [net.minecraft.server.level.ServerPlayerGameMode/]: Mismatch in destroy block pos: BlockPos{x=-5587, y=49, z=-7848} BlockPos{x=-5588, y=49, z=-7848}
[12Nov.2023 10:42:03.370] [Server thread/WARN] [net.minecraft.server.level.ServerPlayerGameMode/]: Mismatch in destroy block pos: BlockPos{x=-5587, y=47, z=-7848} BlockPos{x=-5585, y=48, z=-7847}
[12Nov.2023 10:46:47.292] [Server thread/WARN] [net.minecraft.server.level.ServerPlayerGameMode/]: Mismatch in destroy block pos: BlockPos{x=-672, y=33, z=-979} BlockPos{x=-670, y=32, z=-888}
[12Nov.2023 10:48:19.354] [Server thread/WARN] [net.minecraft.server.level.ServerPlayerGameMode/]: Mismatch in destroy block pos: BlockPos{x=-670, y=31, z=-898} BlockPos{x=-670, y=31, z=-897}
[12Nov.2023 10:48:19.404] [Server thread/WARN] [net.minecraft.server.level.ServerPlayerGameMode/]: Mismatch in destroy block pos: BlockPos{x=-670, y=31, z=-898} BlockPos{x=-670, y=31, z=-897}
[12Nov.2023 10:48:19.503] [Server thread/WARN] [net.minecraft.server.level.ServerPlayerGameMode/]: Mismatch in destroy block pos: BlockPos{x=-670, y=31, z=-898} BlockPos{x=-670, y=31, z=-897}
[12Nov.2023 10:48:19.555] [Server thread/WARN] [net.minecraft.server.level.ServerPlayerGameMode/]: Mismatch in destroy block pos: BlockPos{x=-670, y=31, z=-898} BlockPos{x=-670, y=31, z=-897}
[12Nov.2023 10:48:19.654] [Server thread/WARN] [net.minecraft.server.level.ServerPlayerGameMode/]: Mismatch in destroy block pos: BlockPos{x=-670, y=31, z=-898} BlockPos{x=-670, y=31, z=-897}
[12Nov.2023 10:48:19.705] [Server thread/WARN] [net.minecraft.server.level.ServerPlayerGameMode/]: Mismatch in destroy block pos: BlockPos{x=-670, y=31, z=-898} BlockPos{x=-670, y=31, z=-897}
[12Nov.2023 10:48:19.803] [Server thread/WARN] [net.minecraft.server.level.ServerPlayerGameMode/]: Mismatch in destroy block pos: BlockPos{x=-670, y=31, z=-898} BlockPos{x=-670, y=31, z=-897}
[12Nov.2023 10:48:19.905] [Server thread/WARN] [net.minecraft.server.level.ServerPlayerGameMode/]: Mismatch in destroy block pos: BlockPos{x=-670, y=31, z=-898} BlockPos{x=-670, y=31, z=-897}
[12Nov.2023 10:48:19.956] [Server thread/WARN] [net.minecraft.server.level.ServerPlayerGameMode/]: Mismatch in destroy block pos: BlockPos{x=-670, y=31, z=-898} BlockPos{x=-670, y=31, z=-897}
[12Nov.2023 10:48:20.006] [Server thread/WARN] [net.minecraft.server.level.ServerPlayerGameMode/]: Mismatch in destroy block pos: BlockPos{x=-670, y=31, z=-898} BlockPos{x=-670, y=31, z=-897}
[12Nov.2023 10:48:20.057] [Server thread/WARN] [net.minecraft.server.level.ServerPlayerGameMode/]: Mismatch in destroy block pos: BlockPos{x=-670, y=31, z=-898} BlockPos{x=-670, y=31, z=-897}
[12Nov.2023 10:48:20.153] [Server thread/WARN] [net.minecraft.server.level.ServerPlayerGameMode/]: Mismatch in destroy block pos: BlockPos{x=-670, y=31, z=-898} BlockPos{x=-670, y=31, z=-897}
[12Nov.2023 10:51:01.877] [Server thread/INFO] [net.minecraft.server.network.ServerGamePacketListenerImpl/]: WolfOfTheGaming lost connection: Disconnected
[12Nov.2023 10:51:01.877] [Server thread/INFO] [net.minecraft.server.MinecraftServer/]: [BW] WolfOfTheGaming left the game
[12Nov.2023 10:51:08.925] [User Authenticator #13/INFO] [net.minecraft.server.network.ServerLoginPacketListenerImpl/]: UUID of player WolfOfTheGaming is 21ad7002-f1a4-4765-8b87-6444cc9eca69
[12Nov.2023 10:51:14.942] [Server thread/INFO] [net.minecraft.server.network.ServerLoginPacketListenerImpl/]: com.mojang.authlib.GameProfile@73d6cc21[id=21ad7002-f1a4-4765-8b87-6444cc9eca69,name=WolfOfTheGaming,properties={textures=[com.mojang.authlib.properties.Property@3190099a]},legacy=false] (/213.220.148.143:59912) lost connection: Disconnected
[12Nov.2023 10:51:20.969] [User Authenticator #14/INFO] [net.minecraft.server.network.ServerLoginPacketListenerImpl/]: UUID of player WolfOfTheGaming is 21ad7002-f1a4-4765-8b87-6444cc9eca69
[12Nov.2023 10:51:30.683] [Server thread/INFO] [net.minecraftforge.common.AdvancementLoadFix/]: Using new advancement loading for net.minecraft.server.PlayerAdvancements@69cce060
[12Nov.2023 10:51:30.691] [Server thread/INFO] [net.minecraft.server.players.PlayerList/]: WolfOfTheGaming[/213.220.148.143:59933] logged in with entity id 111759 at (-669.3038660037253, 32.02174191318634, -821.7295408528707)
[12Nov.2023 10:51:30.695] [Server thread/INFO] [net.minecraft.server.MinecraftServer/]: [BW] WolfOfTheGaming joined the game
[12Nov.2023 11:01:01.929] [Server thread/WARN] [net.minecraft.server.network.ServerGamePacketListenerImpl/]: WolfOfTheGaming moved wrongly!
[12Nov.2023 11:01:09.975] [Server thread/INFO] [net.minecraft.server.network.ServerGamePacketListenerImpl/]: WolfOfTheGaming lost connection: Disconnected
[12Nov.2023 11:01:09.976] [Server thread/INFO] [net.minecraft.server.MinecraftServer/]: [BW] WolfOfTheGaming left the game
[12Nov.2023 11:01:14.008] [User Authenticator #15/INFO] [net.minecraft.server.network.ServerLoginPacketListenerImpl/]: UUID of player WolfOfTheGaming is 21ad7002-f1a4-4765-8b87-6444cc9eca69
[12Nov.2023 11:01:15.684] [Server thread/INFO] [net.minecraftforge.common.AdvancementLoadFix/]: Using new advancement loading for net.minecraft.server.PlayerAdvancements@2a4a3f55
[12Nov.2023 11:01:15.691] [Server thread/INFO] [net.minecraft.server.players.PlayerList/]: WolfOfTheGaming[/213.220.148.143:59977] logged in with entity id 114406 at (-669.3612507269224, 32.0, -877.2113692315937)
[12Nov.2023 11:01:15.694] [Server thread/INFO] [net.minecraft.server.MinecraftServer/]: [BW] WolfOfTheGaming joined the game
[12Nov.2023 11:02:46.142] [Server thread/WARN] [net.minecraft.server.level.ServerPlayerGameMode/]: Mismatch in destroy block pos: BlockPos{x=-662, y=33, z=-39} BlockPos{x=-663, y=33, z=-40}
[12Nov.2023 11:02:46.189] [Server thread/WARN] [net.minecraft.server.level.ServerPlayerGameMode/]: Mismatch in destroy block pos: BlockPos{x=-662, y=33, z=-39} BlockPos{x=-663, y=33, z=-40}
[12Nov.2023 11:02:46.240] [Server thread/WARN] [net.minecraft.server.level.ServerPlayerGameMode/]: Mismatch in destroy block pos: BlockPos{x=-662, y=33, z=-39} BlockPos{x=-663, y=33, z=-40}
[12Nov.2023 11:06:02.088] [Server thread/WARN] [net.minecraft.server.level.ServerPlayerGameMode/]: Mismatch in destroy block pos: BlockPos{x=-670, y=32, z=78} BlockPos{x=-670, y=33, z=105}
[12Nov.2023 11:06:02.139] [Server thread/WARN] [net.minecraft.server.level.ServerPlayerGameMode/]: Mismatch in destroy block pos: BlockPos{x=-670, y=32, z=78} BlockPos{x=-670, y=33, z=105}
[12Nov.2023 11:06:02.189] [Server thread/WARN] [net.minecraft.server.level.ServerPlayerGameMode/]: Mismatch in destroy block pos: BlockPos{x=-670, y=32, z=78} BlockPos{x=-670, y=33, z=105}
[12Nov.2023 11:06:12.181] [Server thread/INFO] [net.minecraft.server.network.ServerGamePacketListenerImpl/]: WolfOfTheGaming lost connection: Disconnected
[12Nov.2023 11:06:12.182] [Server thread/INFO] [net.minecraft.server.MinecraftServer/]: [BW] WolfOfTheGaming left the game
[12Nov.2023 11:06:42.310] [User Authenticator #16/INFO] [net.minecraft.server.network.ServerLoginPacketListenerImpl/]: UUID of player WolfOfTheGaming is 21ad7002-f1a4-4765-8b87-6444cc9eca69
[12Nov.2023 11:06:43.989] [Server thread/INFO] [net.minecraftforge.common.AdvancementLoadFix/]: Using new advancement loading for net.minecraft.server.PlayerAdvancements@3cc8e21a
[12Nov.2023 11:06:44.001] [Server thread/INFO] [net.minecraft.server.players.PlayerList/]: WolfOfTheGaming[/213.220.148.143:60003] logged in with entity id 116411 at (-669.6270621800855, 32.0, -915.6930881853483)
[12Nov.2023 11:06:44.006] [Server thread/INFO] [net.minecraft.server.MinecraftServer/]: [BW] WolfOfTheGaming joined the game
[12Nov.2023 11:08:33.092] [Server thread/WARN] [net.minecraft.server.level.ServerPlayerGameMode/]: Mismatch in destroy block pos: BlockPos{x=-605, y=32, z=0} BlockPos{x=-606, y=33, z=0}
[12Nov.2023 11:10:53.925] [Server thread/WARN] [net.minecraft.server.level.ServerPlayerGameMode/]: Mismatch in destroy block pos: BlockPos{x=-4243, y=68, z=-7920} BlockPos{x=-4244, y=68, z=-7920}
[12Nov.2023 11:10:53.975] [Server thread/WARN] [net.minecraft.server.level.ServerPlayerGameMode/]: Mismatch in destroy block pos: BlockPos{x=-4243, y=68, z=-7920} BlockPos{x=-4244, y=68, z=-7920}
[12Nov.2023 11:10:54.031] [Server thread/WARN] [net.minecraft.server.level.ServerPlayerGameMode/]: Mismatch in destroy block pos: BlockPos{x=-4243, y=68, z=-7920} BlockPos{x=-4244, y=68, z=-7920}
[12Nov.2023 11:10:54.076] [Server thread/WARN] [net.minecraft.server.level.ServerPlayerGameMode/]: Mismatch in destroy block pos: BlockPos{x=-4243, y=68, z=-7920} BlockPos{x=-4244, y=68, z=-7920}
[12Nov.2023 11:14:23.807] [Server thread/WARN] [net.minecraft.server.level.ServerPlayerGameMode/]: Mismatch in destroy block pos: BlockPos{x=-4252, y=63, z=-7879} BlockPos{x=-4251, y=63, z=-7878}
[12Nov.2023 11:16:36.755] [Server thread/WARN] [net.minecraft.server.level.ServerPlayerGameMode/]: Mismatch in destroy block pos: BlockPos{x=-4168, y=66, z=-7956} BlockPos{x=-4169, y=67, z=-7955}
[12Nov.2023 11:16:36.803] [Server thread/WARN] [net.minecraft.server.level.ServerPlayerGameMode/]: Mismatch in destroy block pos: BlockPos{x=-4168, y=66, z=-7956} BlockPos{x=-4169, y=67, z=-7955}
[12Nov.2023 11:16:36.854] [Server thread/WARN] [net.minecraft.server.level.ServerPlayerGameMode/]: Mismatch in destroy block pos: BlockPos{x=-4168, y=66, z=-7956} BlockPos{x=-4169, y=67, z=-7955}
[12Nov.2023 11:16:36.904] [Server thread/WARN] [net.minecraft.server.level.ServerPlayerGameMode/]: Mismatch in destroy block pos: BlockPos{x=-4168, y=66, z=-7956} BlockPos{x=-4169, y=67, z=-7955}
[12Nov.2023 11:16:36.954] [Server thread/WARN] [net.minecraft.server.level.ServerPlayerGameMode/]: Mismatch in destroy block pos: BlockPos{x=-4168, y=66, z=-7956} BlockPos{x=-4169, y=67, z=-7955}
[12Nov.2023 11:16:37.004] [Server thread/WARN] [net.minecraft.server.level.ServerPlayerGameMode/]: Mismatch in destroy block pos: BlockPos{x=-4168, y=66, z=-7956} BlockPos{x=-4169, y=67, z=-7955}
[12Nov.2023 11:16:37.054] [Server thread/WARN] [net.minecraft.server.level.ServerPlayerGameMode/]: Mismatch in destroy block pos: BlockPos{x=-4168, y=66, z=-7956} BlockPos{x=-4169, y=67, z=-7955}
[12Nov.2023 11:16:37.131] [Server thread/WARN] [net.minecraft.server.level.ServerPlayerGameMode/]: Mismatch in destroy block pos: BlockPos{x=-4168, y=66, z=-7956} BlockPos{x=-4169, y=67, z=-7955}
[12Nov.2023 11:16:47.604] [Server thread/WARN] [net.minecraft.server.level.ServerPlayerGameMode/]: Mismatch in destroy block pos: BlockPos{x=-4169, y=65, z=-7956} BlockPos{x=-4170, y=64, z=-7956}
[12Nov.2023 11:16:47.653] [Server thread/WARN] [net.minecraft.server.level.ServerPlayerGameMode/]: Mismatch in destroy block pos: BlockPos{x=-4169, y=65, z=-7956} BlockPos{x=-4170, y=64, z=-7956}
[12Nov.2023 11:16:47.703] [Server thread/WARN] [net.minecraft.server.level.ServerPlayerGameMode/]: Mismatch in destroy block pos: BlockPos{x=-4169, y=65, z=-7956} BlockPos{x=-4170, y=64, z=-7956}
[12Nov.2023 11:16:47.753] [Server thread/WARN] [net.minecraft.server.level.ServerPlayerGameMode/]: Mismatch in destroy block pos: BlockPos{x=-4169, y=65, z=-7956} BlockPos{x=-4170, y=64, z=-7956}
[12Nov.2023 11:16:47.805] [Server thread/WARN] [net.minecraft.server.level.ServerPlayerGameMode/]: Mismatch in destroy block pos: BlockPos{x=-4169, y=65, z=-7956} BlockPos{x=-4170, y=64, z=-7956}
[12Nov.2023 11:16:47.856] [Server thread/WARN] [net.minecraft.server.level.ServerPlayerGameMode/]: Mismatch in destroy block pos: BlockPos{x=-4169, y=65, z=-7956} BlockPos{x=-4170, y=64, z=-7956}
[12Nov.2023 11:16:47.904] [Server thread/WARN] [net.minecraft.server.level.ServerPlayerGameMode/]: Mismatch in destroy block pos: BlockPos{x=-4169, y=65, z=-7956} BlockPos{x=-4170, y=64, z=-7956}
[12Nov.2023 11:22:44.686] [Server thread/WARN] [net.minecraft.server.level.ServerPlayerGameMode/]: Mismatch in destroy block pos: BlockPos{x=-4048, y=64, z=-7853} BlockPos{x=-4048, y=64, z=-7852}
[12Nov.2023 11:22:44.760] [Server thread/WARN] [net.minecraft.server.level.ServerPlayerGameMode/]: Mismatch in destroy block pos: BlockPos{x=-4048, y=64, z=-7853} BlockPos{x=-4048, y=64, z=-7852}
[12Nov.2023 11:22:44.761] [Server thread/WARN] [net.minecraft.server.level.ServerPlayerGameMode/]: Mismatch in destroy block pos: BlockPos{x=-4048, y=64, z=-7853} BlockPos{x=-4048, y=64, z=-7852}
[12Nov.2023 11:22:44.792] [Server thread/WARN] [net.minecraft.server.level.ServerPlayerGameMode/]: Mismatch in destroy block pos: BlockPos{x=-4048, y=64, z=-7853} BlockPos{x=-4048, y=64, z=-7852}
[12Nov.2023 11:22:44.875] [Server thread/WARN] [net.minecraft.server.level.ServerPlayerGameMode/]: Mismatch in destroy block pos: BlockPos{x=-4048, y=64, z=-7853} BlockPos{x=-4048, y=64, z=-7852}
[12Nov.2023 11:22:44.956] [Server thread/WARN] [net.minecraft.server.level.ServerPlayerGameMode/]: Mismatch in destroy block pos: BlockPos{x=-4048, y=64, z=-7853} BlockPos{x=-4048, y=64, z=-7852}
[12Nov.2023 11:22:45.023] [Server thread/WARN] [net.minecraft.server.level.ServerPlayerGameMode/]: Mismatch in destroy block pos: BlockPos{x=-4048, y=64, z=-7853} BlockPos{x=-4048, y=64, z=-7852}
[12Nov.2023 11:22:47.746] [Server thread/WARN] [net.minecraft.server.level.ServerPlayerGameMode/]: Mismatch in destroy block pos: BlockPos{x=-4048, y=63, z=-7849} BlockPos{x=-4047, y=63, z=-7846}
[12Nov.2023 11:23:18.735] [Server thread/WARN] [net.minecraft.server.level.ServerPlayerGameMode/]: Mismatch in destroy block pos: BlockPos{x=-4047, y=63, z=-7845} BlockPos{x=-4046, y=63, z=-7845}
[12Nov.2023 11:23:18.846] [Server thread/WARN] [net.minecraft.server.level.ServerPlayerGameMode/]: Mismatch in destroy block pos: BlockPos{x=-4047, y=63, z=-7845} BlockPos{x=-4046, y=63, z=-7845}
[12Nov.2023 11:23:18.847] [Server thread/WARN] [net.minecraft.server.level.ServerPlayerGameMode/]: Mismatch in destroy block pos: BlockPos{x=-4047, y=63, z=-7845} BlockPos{x=-4046, y=63, z=-7845}
[12Nov.2023 11:23:28.391] [Server thread/WARN] [net.minecraft.server.level.ServerPlayerGameMode/]: Mismatch in destroy block pos: BlockPos{x=-4061, y=63, z=-7833} BlockPos{x=-4061, y=63, z=-7832}
[12Nov.2023 11:23:28.444] [Server thread/WARN] [net.minecraft.server.level.ServerPlayerGameMode/]: Mismatch in destroy block pos: BlockPos{x=-4061, y=63, z=-7833} BlockPos{x=-4061, y=63, z=-7832}
[12Nov.2023 11:25:42.727] [Server thread/INFO] [net.minecraft.server.MinecraftServer/]: <[BW] WolfOfTheGaming> mir egal
[12Nov.2023 11:27:37.922] [Server thread/INFO] [net.minecraft.server.network.ServerGamePacketListenerImpl/]: WolfOfTheGaming lost connection: Disconnected
[12Nov.2023 11:27:37.922] [Server thread/INFO] [net.minecraft.server.MinecraftServer/]: [BW] WolfOfTheGaming left the game
[12Nov.2023 11:34:09.982] [Server thread/WARN] [net.minecraft.server.level.ServerPlayerGameMode/]: Mismatch in destroy block pos: BlockPos{x=-669, y=34, z=-877} BlockPos{x=-669, y=33, z=-878}
[12Nov.2023 11:35:07.233] [Server thread/WARN] [net.minecraft.server.level.ServerPlayerGameMode/]: Mismatch in destroy block pos: BlockPos{x=-670, y=35, z=-934} BlockPos{x=-670, y=35, z=-933}
[12Nov.2023 11:35:07.833] [Server thread/WARN] [net.minecraft.server.level.ServerPlayerGameMode/]: Mismatch in destroy block pos: BlockPos{x=-670, y=35, z=-932} BlockPos{x=-670, y=35, z=-927}
[12Nov.2023 11:35:08.983] [Server thread/WARN] [net.minecraft.server.level.ServerPlayerGameMode/]: Mismatch in destroy block pos: BlockPos{x=-670, y=35, z=-917} BlockPos{x=-670, y=35, z=-916}
[12Nov.2023 11:35:43.782] [Server thread/WARN] [net.minecraft.server.level.ServerPlayerGameMode/]: Mismatch in destroy block pos: BlockPos{x=-671, y=31, z=-922} BlockPos{x=-671, y=31, z=-862}
[12Nov.2023 11:35:43.833] [Server thread/WARN] [net.minecraft.server.level.ServerPlayerGameMode/]: Mismatch in destroy block pos: BlockPos{x=-671, y=31, z=-922} BlockPos{x=-671, y=31, z=-861}
[12Nov.2023 11:35:43.885] [Server thread/WARN] [net.minecraft.server.level.ServerPlayerGameMode/]: Mismatch in destroy block pos: BlockPos{x=-671, y=31, z=-922} BlockPos{x=-671, y=31, z=-861}
[12Nov.2023 11:35:43.933] [Server thread/WARN] [net.minecraft.server.level.ServerPlayerGameMode/]: Mismatch in destroy block pos: BlockPos{x=-671, y=31, z=-922} BlockPos{x=-671, y=31, z=-861}
[12Nov.2023 11:35:43.982] [Server thread/WARN] [net.minecraft.server.level.ServerPlayerGameMode/]: Mismatch in destroy block pos: BlockPos{x=-671, y=31, z=-922} BlockPos{x=-671, y=31, z=-861}
[12Nov.2023 11:39:11.384] [Server thread/WARN] [net.minecraft.server.level.ServerPlayerGameMode/]: Mismatch in destroy block pos: BlockPos{x=-669, y=33, z=-686} BlockPos{x=-652, y=34, z=1}
[12Nov.2023 11:39:31.583] [Server thread/WARN] [net.minecraft.server.level.ServerPlayerGameMode/]: Mismatch in destroy block pos: BlockPos{x=-607, y=33, z=1} BlockPos{x=-607, y=32, z=-1}
[12Nov.2023 11:39:31.634] [Server thread/WARN] [net.minecraft.server.level.ServerPlayerGameMode/]: Mismatch in destroy block pos: BlockPos{x=-607, y=33, z=1} BlockPos{x=-607, y=32, z=-1}
[12Nov.2023 11:39:31.681] [Server thread/WARN] [net.minecraft.server.level.ServerPlayerGameMode/]: Mismatch in destroy block pos: BlockPos{x=-607, y=33, z=1} BlockPos{x=-607, y=32, z=-1}
[12Nov.2023 11:42:13.075] [Server thread/INFO] [net.minecraft.server.MinecraftServer/]: [BW] BernhardBMX has completed the challenge [Subspace Bubble]
[12Nov.2023 11:46:10.170] [Server thread/INFO] [net.minecraft.server.network.ServerGamePacketListenerImpl/]: BernhardBMX lost connection: Disconnected
[12Nov.2023 11:46:10.170] [Server thread/INFO] [net.minecraft.server.MinecraftServer/]: [BW] BernhardBMX left the game
[12Nov.2023 11:52:06.680] [User Authenticator #17/INFO] [net.minecraft.server.network.ServerLoginPacketListenerImpl/]: UUID of player BernhardBMX is b5b3d888-4807-436f-b529-3aa62274a8ac
[12Nov.2023 11:52:08.437] [Server thread/INFO] [net.minecraftforge.common.AdvancementLoadFix/]: Using new advancement loading for net.minecraft.server.PlayerAdvancements@3b248272
[12Nov.2023 11:52:08.447] [Server thread/INFO] [net.minecraft.server.players.PlayerList/]: BernhardBMX[/212.86.42.128:64274] logged in with entity id 136749 at (-142.39155142290335, 82.49520087700593, 2227.4031410156335)
[12Nov.2023 11:52:08.469] [Server thread/INFO] [net.minecraft.server.MinecraftServer/]: [BW] BernhardBMX joined the game
[12Nov.2023 11:55:57.460] [Server thread/INFO] [net.minecraft.server.MinecraftServer/]: [BW] BernhardBMX was doomed to fall
[12Nov.2023 12:07:22.821] [Server thread/INFO] [net.minecraft.server.MinecraftServer/]: Stopping the server
[12Nov.2023 12:07:22.862] [Server thread/INFO] [net.minecraft.server.MinecraftServer/]: Stopping server
[12Nov.2023 12:07:22.863] [Server thread/INFO] [net.minecraft.server.MinecraftServer/]: Saving players
[12Nov.2023 12:07:22.877] [Server thread/INFO] [net.minecraft.server.network.ServerGamePacketListenerImpl/]: BernhardBMX lost connection: Server closed
[12Nov.2023 12:07:22.878] [Server thread/INFO] [net.minecraft.server.MinecraftServer/]: [BW] BernhardBMX left the game
[12Nov.2023 12:07:22.897] [Server thread/INFO] [net.minecraft.server.MinecraftServer/]: Saving worlds
[12Nov.2023 12:07:24.977] [Server thread/INFO] [net.minecraft.server.MinecraftServer/]: Saving chunks for level 'ServerLevel[create_world]'/minecraft:overworld
[12Nov.2023 12:07:25.173] [Server thread/INFO] [net.minecraft.server.MinecraftServer/]: Saving chunks for level 'ServerLevel[create_world]'/minecraft:the_nether
[12Nov.2023 12:07:25.182] [Server thread/INFO] [net.minecraft.server.MinecraftServer/]: Saving chunks for level 'ServerLevel[create_world]'/minecraft:the_end
[12Nov.2023 12:07:25.209] [Server thread/INFO] [net.minecraft.server.MinecraftServer/]: ThreadedAnvilChunkStorage (create_world): All chunks are saved
[12Nov.2023 12:07:25.209] [Server thread/INFO] [net.minecraft.server.MinecraftServer/]: ThreadedAnvilChunkStorage (DIM-1): All chunks are saved
[12Nov.2023 12:07:25.210] [Server thread/INFO] [net.minecraft.server.MinecraftServer/]: ThreadedAnvilChunkStorage (DIM1): All chunks are saved
[12Nov.2023 12:07:25.210] [Server thread/INFO] [net.minecraft.server.MinecraftServer/]: ThreadedAnvilChunkStorage: All dimensions are saved
[12Nov.2023 12:07:25.485] [Server thread/INFO] [FTB Chunks/]: Shutting down map thread
